User belongs to experiment group 'ShowPlayIcon - start'
User belongs to experiment group 'DebugAdapterFactory - experiment'
User belongs to experiment group 'PtvsdWheels37 - experiment'
User belongs to experiment group 'UseTerminalToGetActivatedEnvVars - control'
User belongs to experiment group 'LocalZMQKernel - experiment'
User belongs to experiment group 'CollectLSRequestTiming - control'
User belongs to experiment group 'CollectNodeLSRequestTiming - experiment'
User belongs to experiment group 'EnableIPyWidgets - experiment'
User belongs to experiment group 'RunByLine - experiment'
User belongs to experiment group 'CustomEditorSupport - control'
User belongs to experiment group 'pythonaa'
> conda --version
> pyenv root
> python3.7 ~/.vscode-server/extensions/ms-python.python-2020.10.332292344/pythonFiles/pyvsc-run-isolated.py -c "import sys;print(sys.executable)"
> python3.6 ~/.vscode-server/extensions/ms-python.python-2020.10.332292344/pythonFiles/pyvsc-run-isolated.py -c "import sys;print(sys.executable)"
> python3 ~/.vscode-server/extensions/ms-python.python-2020.10.332292344/pythonFiles/pyvsc-run-isolated.py -c "import sys;print(sys.executable)"
> python2 ~/.vscode-server/extensions/ms-python.python-2020.10.332292344/pythonFiles/pyvsc-run-isolated.py -c "import sys;print(sys.executable)"
> python ~/.vscode-server/extensions/ms-python.python-2020.10.332292344/pythonFiles/pyvsc-run-isolated.py -c "import sys;print(sys.executable)"
> python ~/.vscode-server/extensions/ms-python.python-2020.10.332292344/pythonFiles/pyvsc-run-isolated.py -c "import sys;print(sys.executable)"
> conda info --json
> python ~/.vscode-server/extensions/ms-python.python-2020.10.332292344/pythonFiles/pyvsc-run-isolated.py -c "import sys;print(sys.executable)"
> python ~/.vscode-server/extensions/ms-python.python-2020.10.332292344/pythonFiles/pyvsc-run-isolated.py -c "import sys;print(sys.executable)"
> pyenv root
> pyenv root
> pyenv root
> pyenv root
> pyenv root
> pyenv root
> pyenv root
> pyenv root
> pyenv root
> pyenv root
> /usr/bin/python ~/.vscode-server/extensions/ms-python.python-2020.10.332292344/pythonFiles/pyvsc-run-isolated.py -c "import jupyter"
> /usr/bin/python ~/.vscode-server/extensions/ms-python.python-2020.10.332292344/pythonFiles/pyvsc-run-isolated.py -c "import jupyter"
> /usr/bin/python ~/.vscode-server/extensions/ms-python.python-2020.10.332292344/pythonFiles/pyvsc-run-isolated.py -c "import notebook"
> /usr/bin/python ~/.vscode-server/extensions/ms-python.python-2020.10.332292344/pythonFiles/pyvsc-run-isolated.py -c "import notebook"
Error 2020-11-05 10:14:42: Failed to check if file needs to be fixed [EntryNotFound (FileSystemError): Unable to read file 'vscode-remote://ssh-remote+innovasjon.ed.ntnu.no/home/gruppe13/.config/Code/User/settings.json' (EntryNotFound (FileSystemError): Error: ENOENT: no such file or directory, open '/home/gruppe13/.config/Code/User/settings.json')
	at _handleError (/home/gruppe13/.vscode-server/bin/d2e414d9e4239a252d1ab117bd7067f125afd80a/out/vs/server/remoteExtensionHostProcess.js:750:473)
	at processTicksAndRejections (internal/process/task_queues.js:94:5)
	at async y.readText (/home/gruppe13/.vscode-server/extensions/ms-python.python-2020.10.332292344/out/client/extension.js:9:168994)
	at async p.doesFileNeedToBeFixed (/home/gruppe13/.vscode-server/extensions/ms-python.python-2020.10.332292344/out/client/extension.js:56:963651)
	at async /home/gruppe13/.vscode-server/extensions/ms-python.python-2020.10.332292344/out/client/extension.js:56:962778
	at async Promise.all (index 0)
	at async p.getFilesToBeFixed (/home/gruppe13/.vscode-server/extensions/ms-python.python-2020.10.332292344/out/client/extension.js:56:962724)
	at async p.updateTestSettings (/home/gruppe13/.vscode-server/extensions/ms-python.python-2020.10.332292344/out/client/extension.js:56:962351)] {
  code: 'FileNotFound',
  name: 'EntryNotFound (FileSystemError)'
}
Error 2020-11-05 10:14:42: Failed to check if file needs to be fixed [EntryNotFound (FileSystemError): Unable to read file 'vscode-remote://ssh-remote+innovasjon.ed.ntnu.no/home/gruppe13/.vscode/settings.json' (EntryNotFound (FileSystemError): Error: ENOENT: no such file or directory, open '/home/gruppe13/.vscode/settings.json')
	at _handleError (/home/gruppe13/.vscode-server/bin/d2e414d9e4239a252d1ab117bd7067f125afd80a/out/vs/server/remoteExtensionHostProcess.js:750:473)
	at processTicksAndRejections (internal/process/task_queues.js:94:5)
	at async y.readText (/home/gruppe13/.vscode-server/extensions/ms-python.python-2020.10.332292344/out/client/extension.js:9:168994)
	at async p.doesFileNeedToBeFixed (/home/gruppe13/.vscode-server/extensions/ms-python.python-2020.10.332292344/out/client/extension.js:56:963651)
	at async /home/gruppe13/.vscode-server/extensions/ms-python.python-2020.10.332292344/out/client/extension.js:56:962778
	at async Promise.all (index 1)
	at async p.getFilesToBeFixed (/home/gruppe13/.vscode-server/extensions/ms-python.python-2020.10.332292344/out/client/extension.js:56:962724)
	at async p.updateTestSettings (/home/gruppe13/.vscode-server/extensions/ms-python.python-2020.10.332292344/out/client/extension.js:56:962351)] {
  code: 'FileNotFound',
  name: 'EntryNotFound (FileSystemError)'
}
> pyenv root
> pyenv root
> pyenv root
> pyenv root
> pyenv root
> pyenv root
> pyenv root
> pyenv root
> pyenv root
> pyenv root
> pyenv root
> pyenv root
> pyenv root
> pyenv root
> pyenv root
> pyenv root
> pyenv root
Starting Jedi Python language engine.
> ~/venv/bin/python3.7 ~/.vscode-server/extensions/ms-python.python-2020.10.332292344/pythonFiles/pyvsc-run-isolated.py pylint --load-plugins=pylint_django --msg-template='{line},{column},{category},{symbol}:{msg}' --reports=n --output-format=text ~/elsysapp/views.py
cwd: ~/
> ~/venv/bin/python3.7 ~/.vscode-server/extensions/ms-python.python-2020.10.332292344/pythonFiles/pyvsc-run-isolated.py pylint --load-plugins=pylint_django --msg-template='{line},{column},{category},{symbol}:{msg}' --reports=n --output-format=text ~/elsysapp/views.py
cwd: ~/
Python interpreter path: ./venv/bin/python3.7
> ~/venv/bin/python3.7 ~/.vscode-server/extensions/ms-python.python-2020.10.332292344/pythonFiles/pyvsc-run-isolated.py -c "import pylint"
> ~/venv/bin/python3.7 ~/.vscode-server/extensions/ms-python.python-2020.10.332292344/pythonFiles/pyvsc-run-isolated.py -c "import pylint"
> ~/venv/bin/python3.7 ~/.vscode-server/extensions/ms-python.python-2020.10.332292344/pythonFiles/pyvsc-run-isolated.py -c "import pylint"
> ~/venv/bin/python3.7 ~/.vscode-server/extensions/ms-python.python-2020.10.332292344/pythonFiles/pyvsc-run-isolated.py -c "import pylint"
> pyenv root

Linter 'pylint' is not installed. Please install it or select another linter".
Error: Module 'pylint' not installed.
> pyenv root
> ~/venv/bin/python3.7 ~/.vscode-server/extensions/ms-python.python-2020.10.332292344/pythonFiles/pyvsc-run-isolated.py -c "import sys;print(sys.prefix)"
cwd: ~/
> ~/venv/bin/python3.7 ~/.vscode-server/extensions/ms-python.python-2020.10.332292344/pythonFiles/pyvsc-run-isolated.py -c "import sys;print(sys.prefix)"
cwd: ~/
> ~/venv/bin/python3.7 ~/.vscode-server/extensions/ms-python.python-2020.10.332292344/pythonFiles/pyvsc-run-isolated.py -c "import sys;print(sys.executable)"
cwd: ~/
> ~/venv/bin/python3.7 ~/.vscode-server/extensions/ms-python.python-2020.10.332292344/pythonFiles/pyvsc-run-isolated.py -c "import sys;print(sys.executable)"
cwd: ~/
> ~/venv/bin/python3.7 ~/.vscode-server/extensions/ms-python.python-2020.10.332292344/pythonFiles/pyvsc-run-isolated.py -c "from distutils.sysconfig import get_python_lib; print(get_python_lib())"
cwd: ~/
> ~/venv/bin/python3.7 ~/.vscode-server/extensions/ms-python.python-2020.10.332292344/pythonFiles/pyvsc-run-isolated.py -c "from distutils.sysconfig import get_python_lib; print(get_python_lib())"
cwd: ~/
> ~/venv/bin/python3.7 ~/.vscode-server/extensions/ms-python.python-2020.10.332292344/pythonFiles/pyvsc-run-isolated.py site --user-site
cwd: ~/
> ~/venv/bin/python3.7 ~/.vscode-server/extensions/ms-python.python-2020.10.332292344/pythonFiles/pyvsc-run-isolated.py site --user-site
cwd: ~/
> ~/venv/bin/python3.7 ~/.vscode-server/extensions/ms-python.python-2020.10.332292344/pythonFiles/pyvsc-run-isolated.py ~/.vscode-server/extensions/ms-python.python-2020.10.332292344/pythonFiles/completion.py
> ~/venv/bin/python3.7 ~/.vscode-server/extensions/ms-python.python-2020.10.332292344/pythonFiles/pyvsc-run-isolated.py ~/.vscode-server/extensions/ms-python.python-2020.10.332292344/pythonFiles/completion.py
> conda --version
> pyenv root
Error 2020-11-05 10:14:46: stderr jediProxy Error (stderr) /home/gruppe13/.vscode-server/extensions/ms-python.python-2020.10.332292344/pythonFiles/completion.py:587: DeprecationWarning: Deprecated since version 0.16.0. Use Script(...).get_names instead.
  all_scopes=True,

> ~/venv/bin/python3.7 ~/.vscode-server/extensions/ms-python.python-2020.10.332292344/pythonFiles/pyvsc-run-isolated.py pylint --load-plugins=pylint_django --msg-template='{line},{column},{category},{symbol}:{msg}' --reports=n --output-format=text ~/elsysapp/views.py
cwd: ~/
> ~/venv/bin/python3.7 ~/.vscode-server/extensions/ms-python.python-2020.10.332292344/pythonFiles/pyvsc-run-isolated.py pylint --load-plugins=pylint_django --msg-template='{line},{column},{category},{symbol}:{msg}' --reports=n --output-format=text ~/elsysapp/views.py
cwd: ~/
> ~/venv/bin/python3.7 ~/.vscode-server/extensions/ms-python.python-2020.10.332292344/pythonFiles/pyvsc-run-isolated.py -c "import pylint"
> ~/venv/bin/python3.7 ~/.vscode-server/extensions/ms-python.python-2020.10.332292344/pythonFiles/pyvsc-run-isolated.py -c "import pylint"
> ~/venv/bin/python3.7 ~/.vscode-server/extensions/ms-python.python-2020.10.332292344/pythonFiles/pyvsc-run-isolated.py -c "import pylint"
> ~/venv/bin/python3.7 ~/.vscode-server/extensions/ms-python.python-2020.10.332292344/pythonFiles/pyvsc-run-isolated.py -c "import pylint"

Linter 'pylint' is not installed. Please install it or select another linter".
Error: Module 'pylint' not installed.
> pyenv root
> ~/venv/bin/python3.7 ~/.vscode-server/extensions/ms-python.python-2020.10.332292344/pythonFiles/pyvsc-run-isolated.py pylint --load-plugins=pylint_django --msg-template='{line},{column},{category},{symbol}:{msg}' --reports=n --output-format=text ~/elsysapp/views.py
cwd: ~/
> ~/venv/bin/python3.7 ~/.vscode-server/extensions/ms-python.python-2020.10.332292344/pythonFiles/pyvsc-run-isolated.py pylint --load-plugins=pylint_django --msg-template='{line},{column},{category},{symbol}:{msg}' --reports=n --output-format=text ~/elsysapp/views.py
cwd: ~/
> ~/venv/bin/python3.7 ~/.vscode-server/extensions/ms-python.python-2020.10.332292344/pythonFiles/pyvsc-run-isolated.py -c "import pylint"
> ~/venv/bin/python3.7 ~/.vscode-server/extensions/ms-python.python-2020.10.332292344/pythonFiles/pyvsc-run-isolated.py -c "import pylint"
> ~/venv/bin/python3.7 ~/.vscode-server/extensions/ms-python.python-2020.10.332292344/pythonFiles/pyvsc-run-isolated.py -c "import pylint"
> ~/venv/bin/python3.7 ~/.vscode-server/extensions/ms-python.python-2020.10.332292344/pythonFiles/pyvsc-run-isolated.py -c "import pylint"

Linter 'pylint' is not installed. Please install it or select another linter".
Error: Module 'pylint' not installed.
> pyenv root
Error 2020-11-05 10:14:52: stderr jediProxy Error (stderr) /home/gruppe13/.vscode-server/extensions/ms-python.python-2020.10.332292344/pythonFiles/completion.py:598: DeprecationWarning: Providing the line is now done in the functions themselves like `Script(...).complete(line, column)`
  sys_path=sys.path,
/home/gruppe13/.vscode-server/extensions/ms-python.python-2020.10.332292344/pythonFiles/completion.py:598: DeprecationWarning: Providing the column is now done in the functions themselves like `Script(...).complete(line, column)`
  sys_path=sys.path,
/home/gruppe13/.vscode-server/extensions/ms-python.python-2020.10.332292344/pythonFiles/completion.py:598: DeprecationWarning: Use the code keyword argument instead.
  sys_path=sys.path,
/home/gruppe13/.vscode-server/extensions/ms-python.python-2020.10.332292344/pythonFiles/completion.py:598: DeprecationWarning: Deprecated since version 0.17.0. Use the project API instead, which means Script(project=Project(dir, sys_path=sys_path)) instead.
  sys_path=sys.path,
/home/gruppe13/.vscode-server/extensions/ms-python.python-2020.10.332292344/pythonFiles/completion.py:626: DeprecationWarning: Deprecated since version 0.16.0. Use Script(...).infer instead.
  script.goto_definitions(), request["id"]
/home/gruppe13/.vscode-server/extensions/ms-python.python-2020.10.332292344/pythonFiles/completion.py:603: DeprecationWarning: Deprecated since version 0.16.0. Use Script(...).goto instead.
  script.goto_assignments(follow_imports=True), request["id"]

> ~/venv/bin/python3.7 ~/.vscode-server/extensions/ms-python.python-2020.10.332292344/pythonFiles/pyvsc-run-isolated.py -c "import pip"
> ~/venv/bin/python3.7 ~/.vscode-server/extensions/ms-python.python-2020.10.332292344/pythonFiles/pyvsc-run-isolated.py -c "import pip"
> pyenv root
> pyenv root
> pyenv root
> pyenv root
> ~/venv/bin/python3.7 ~/.vscode-server/extensions/ms-python.python-2020.10.332292344/pythonFiles/pyvsc-run-isolated.py -c "import pylint"
> ~/venv/bin/python3.7 ~/.vscode-server/extensions/ms-python.python-2020.10.332292344/pythonFiles/pyvsc-run-isolated.py pylint --load-plugins=pylint_django --msg-template='{line},{column},{category},{symbol}:{msg}' --reports=n --output-format=text ~/elsysapp/views.py
cwd: ~/
> ~/venv/bin/python3.7 ~/.vscode-server/extensions/ms-python.python-2020.10.332292344/pythonFiles/pyvsc-run-isolated.py pylint --load-plugins=pylint_django --msg-template='{line},{column},{category},{symbol}:{msg}' --reports=n --output-format=text ~/elsysapp/views.py
cwd: ~/
> ~/venv/bin/python3.7 ~/.vscode-server/extensions/ms-python.python-2020.10.332292344/pythonFiles/pyvsc-run-isolated.py pylint --load-plugins=pylint_django --msg-template='{line},{column},{category},{symbol}:{msg}' --reports=n --output-format=text ~/elsysapp/views.py
cwd: ~/
> ~/venv/bin/python3.7 ~/.vscode-server/extensions/ms-python.python-2020.10.332292344/pythonFiles/pyvsc-run-isolated.py pylint --load-plugins=pylint_django --msg-template='{line},{column},{category},{symbol}:{msg}' --reports=n --output-format=text ~/elsysapp/views.py
cwd: ~/
##########Linting Output - pylint##########
##########Linting Output - pylint##########
> ~/venv/bin/python3.7 ~/.vscode-server/extensions/ms-python.python-2020.10.332292344/pythonFiles/pyvsc-run-isolated.py pylint --load-plugins=pylint_django --msg-template='{line},{column},{category},{symbol}:{msg}' --reports=n --output-format=text ~/elsysapp/urls.py
cwd: ~/
> ~/venv/bin/python3.7 ~/.vscode-server/extensions/ms-python.python-2020.10.332292344/pythonFiles/pyvsc-run-isolated.py pylint --load-plugins=pylint_django --msg-template='{line},{column},{category},{symbol}:{msg}' --reports=n --output-format=text ~/elsysapp/urls.py
cwd: ~/
> pyenv root
Error 2020-11-05 10:15:23: stderr jediProxy Error (stderr) /home/gruppe13/.vscode-server/extensions/ms-python.python-2020.10.332292344/pythonFiles/completion.py:587: DeprecationWarning: Deprecated since version 0.16.0. Use Script(...).get_names instead.
  all_scopes=True,

##########Linting Output - pylint##########
Error 2020-11-05 10:16:02: stderr jediProxy Error (stderr) /home/gruppe13/.vscode-server/extensions/ms-python.python-2020.10.332292344/pythonFiles/completion.py:587: DeprecationWarning: Deprecated since version 0.16.0. Use Script(...).get_names instead.
  all_scopes=True,

Error 2020-11-05 10:16:14: stderr jediProxy Error (stderr) /home/gruppe13/.vscode-server/extensions/ms-python.python-2020.10.332292344/pythonFiles/completion.py:598: DeprecationWarning: Providing the line is now done in the functions themselves like `Script(...).complete(line, column)`
  sys_path=sys.path,
/home/gruppe13/.vscode-server/extensions/ms-python.python-2020.10.332292344/pythonFiles/completion.py:598: DeprecationWarning: Providing the column is now done in the functions themselves like `Script(...).complete(line, column)`
  sys_path=sys.path,
/home/gruppe13/.vscode-server/extensions/ms-python.python-2020.10.332292344/pythonFiles/completion.py:598: DeprecationWarning: Deprecated since version 0.17.0. Use the project API instead, which means Script(project=Project(dir, sys_path=sys_path)) instead.
  sys_path=sys.path,

Error 2020-11-05 10:16:14: stderr jediProxy Error (stderr) /home/gruppe13/.vscode-server/extensions/ms-python.python-2020.10.332292344/pythonFiles/completion.py:626: DeprecationWarning: Deprecated since version 0.16.0. Use Script(...).infer instead.
  script.goto_definitions(), request["id"]

> ~/venv/bin/python3.7 ~/.vscode-server/extensions/ms-python.python-2020.10.332292344/pythonFiles/pyvsc-run-isolated.py pylint --load-plugins=pylint_django --msg-template='{line},{column},{category},{symbol}:{msg}' --reports=n --output-format=text ~/elsysapp/urls.py
cwd: ~/
> ~/venv/bin/python3.7 ~/.vscode-server/extensions/ms-python.python-2020.10.332292344/pythonFiles/pyvsc-run-isolated.py pylint --load-plugins=pylint_django --msg-template='{line},{column},{category},{symbol}:{msg}' --reports=n --output-format=text ~/elsysapp/urls.py
cwd: ~/
##########Linting Output - pylint##########
> pyenv root
> ~/venv/bin/python3.7 ~/.vscode-server/extensions/ms-python.python-2020.10.332292344/pythonFiles/pyvsc-run-isolated.py pylint --load-plugins=pylint_django --msg-template='{line},{column},{category},{symbol}:{msg}' --reports=n --output-format=text ~/elsysapp/models.py
cwd: ~/
> ~/venv/bin/python3.7 ~/.vscode-server/extensions/ms-python.python-2020.10.332292344/pythonFiles/pyvsc-run-isolated.py pylint --load-plugins=pylint_django --msg-template='{line},{column},{category},{symbol}:{msg}' --reports=n --output-format=text ~/elsysapp/models.py
cwd: ~/
> pyenv root
##########Linting Output - pylint##########
Error 2020-11-05 10:18:48: stderr jediProxy Error (stderr) /home/gruppe13/.vscode-server/extensions/ms-python.python-2020.10.332292344/pythonFiles/completion.py:598: DeprecationWarning: Providing the line is now done in the functions themselves like `Script(...).complete(line, column)`
  sys_path=sys.path,
/home/gruppe13/.vscode-server/extensions/ms-python.python-2020.10.332292344/pythonFiles/completion.py:598: DeprecationWarning: Providing the column is now done in the functions themselves like `Script(...).complete(line, column)`
  sys_path=sys.path,
/home/gruppe13/.vscode-server/extensions/ms-python.python-2020.10.332292344/pythonFiles/completion.py:598: DeprecationWarning: Deprecated since version 0.17.0. Use the project API instead, which means Script(project=Project(dir, sys_path=sys_path)) instead.
  sys_path=sys.path,

Error 2020-11-05 10:18:48: stderr jediProxy Error (stderr) /home/gruppe13/.vscode-server/extensions/ms-python.python-2020.10.332292344/pythonFiles/completion.py:626: DeprecationWarning: Deprecated since version 0.16.0. Use Script(...).infer instead.
  script.goto_definitions(), request["id"]

Error 2020-11-05 10:18:53: stderr jediProxy Error (stderr) /home/gruppe13/.vscode-server/extensions/ms-python.python-2020.10.332292344/pythonFiles/completion.py:587: DeprecationWarning: Deprecated since version 0.16.0. Use Script(...).get_names instead.
  all_scopes=True,

> ~/venv/bin/python3.7 ~/.vscode-server/extensions/ms-python.python-2020.10.332292344/pythonFiles/pyvsc-run-isolated.py pylint --load-plugins=pylint_django --msg-template='{line},{column},{category},{symbol}:{msg}' --reports=n --output-format=text ~/elsysapp/models.py
cwd: ~/
> ~/venv/bin/python3.7 ~/.vscode-server/extensions/ms-python.python-2020.10.332292344/pythonFiles/pyvsc-run-isolated.py pylint --load-plugins=pylint_django --msg-template='{line},{column},{category},{symbol}:{msg}' --reports=n --output-format=text ~/elsysapp/models.py
cwd: ~/
##########Linting Output - pylint##########
> pyenv root
Error 2020-11-05 10:18:56: stderr jediProxy Error (stderr) /home/gruppe13/.vscode-server/extensions/ms-python.python-2020.10.332292344/pythonFiles/completion.py:587: DeprecationWarning: Deprecated since version 0.16.0. Use Script(...).get_names instead.
  all_scopes=True,

> pyenv root
Error 2020-11-05 10:18:57: stderr jediProxy Error (stderr) /home/gruppe13/.vscode-server/extensions/ms-python.python-2020.10.332292344/pythonFiles/completion.py:587: DeprecationWarning: Deprecated since version 0.16.0. Use Script(...).get_names instead.
  all_scopes=True,

> ~/venv/bin/python3.7 ~/.vscode-server/extensions/ms-python.python-2020.10.332292344/pythonFiles/pyvsc-run-isolated.py pylint --load-plugins=pylint_django --msg-template='{line},{column},{category},{symbol}:{msg}' --reports=n --output-format=text ~/elsysapp/tests.py
cwd: ~/
> ~/venv/bin/python3.7 ~/.vscode-server/extensions/ms-python.python-2020.10.332292344/pythonFiles/pyvsc-run-isolated.py pylint --load-plugins=pylint_django --msg-template='{line},{column},{category},{symbol}:{msg}' --reports=n --output-format=text ~/elsysapp/tests.py
cwd: ~/
> pyenv root
##########Linting Output - pylint##########
> pyenv root
> pyenv root
Error 2020-11-05 10:25:51: stderr jediProxy Error (stderr) /home/gruppe13/.vscode-server/extensions/ms-python.python-2020.10.332292344/pythonFiles/completion.py:598: DeprecationWarning: Providing the line is now done in the functions themselves like `Script(...).complete(line, column)`
  sys_path=sys.path,
/home/gruppe13/.vscode-server/extensions/ms-python.python-2020.10.332292344/pythonFiles/completion.py:598: DeprecationWarning: Providing the column is now done in the functions themselves like `Script(...).complete(line, column)`
  sys_path=sys.path,
/home/gruppe13/.vscode-server/extensions/ms-python.python-2020.10.332292344/pythonFiles/completion.py:598: DeprecationWarning: Deprecated since version 0.17.0. Use the project API instead, which means Script(project=Project(dir, sys_path=sys_path)) instead.
  sys_path=sys.path,
/home/gruppe13/.vscode-server/extensions/ms-python.python-2020.10.332292344/pythonFiles/completion.py:626: DeprecationWarning: Deprecated since version 0.16.0. Use Script(...).infer instead.
  script.goto_definitions(), request["id"]

> ~/venv/bin/python3.7 ~/.vscode-server/extensions/ms-python.python-2020.10.332292344/pythonFiles/pyvsc-run-isolated.py pylint --load-plugins=pylint_django --msg-template='{line},{column},{category},{symbol}:{msg}' --reports=n --output-format=text ~/elsysapp/views.py
cwd: ~/
> ~/venv/bin/python3.7 ~/.vscode-server/extensions/ms-python.python-2020.10.332292344/pythonFiles/pyvsc-run-isolated.py pylint --load-plugins=pylint_django --msg-template='{line},{column},{category},{symbol}:{msg}' --reports=n --output-format=text ~/elsysapp/views.py
cwd: ~/
##########Linting Output - pylint##########
> pyenv root
> pyenv root
> pyenv root
> pyenv root
> pyenv root
Error 2020-11-05 11:36:58: stderr jediProxy Error (stderr) /home/gruppe13/.vscode-server/extensions/ms-python.python-2020.10.332292344/pythonFiles/completion.py:587: DeprecationWarning: Deprecated since version 0.16.0. Use Script(...).get_names instead.
  all_scopes=True,

Error 2020-11-05 11:37:13: stderr jediProxy Error (stderr) /home/gruppe13/.vscode-server/extensions/ms-python.python-2020.10.332292344/pythonFiles/completion.py:598: DeprecationWarning: Providing the line is now done in the functions themselves like `Script(...).complete(line, column)`
  sys_path=sys.path,
/home/gruppe13/.vscode-server/extensions/ms-python.python-2020.10.332292344/pythonFiles/completion.py:598: DeprecationWarning: Providing the column is now done in the functions themselves like `Script(...).complete(line, column)`
  sys_path=sys.path,
/home/gruppe13/.vscode-server/extensions/ms-python.python-2020.10.332292344/pythonFiles/completion.py:598: DeprecationWarning: Use the code keyword argument instead.
  sys_path=sys.path,
/home/gruppe13/.vscode-server/extensions/ms-python.python-2020.10.332292344/pythonFiles/completion.py:598: DeprecationWarning: Deprecated since version 0.17.0. Use the project API instead, which means Script(project=Project(dir, sys_path=sys_path)) instead.
  sys_path=sys.path,

Error 2020-11-05 11:37:13: stderr jediProxy Error (stderr) /home/gruppe13/.vscode-server/extensions/ms-python.python-2020.10.332292344/pythonFiles/completion.py:105: DeprecationWarning: Deprecated since version 0.16.0. Use Script(...).get_signatures instead.
  call_signatures = script.call_signatures()
/home/gruppe13/.vscode-server/extensions/ms-python.python-2020.10.332292344/pythonFiles/completion.py:230: DeprecationWarning: Deprecated since version 0.16.0. Use Script(...).complete instead.
  completions = script.completions()

Error 2020-11-05 11:37:14: stderr jediProxy Error (stderr) /home/gruppe13/.vscode-server/extensions/ms-python.python-2020.10.332292344/pythonFiles/completion.py:626: DeprecationWarning: Deprecated since version 0.16.0. Use Script(...).infer instead.
  script.goto_definitions(), request["id"]

> ~/venv/bin/python3.7 ~/.vscode-server/extensions/ms-python.python-2020.10.332292344/pythonFiles/pyvsc-run-isolated.py pylint --load-plugins=pylint_django --msg-template='{line},{column},{category},{symbol}:{msg}' --reports=n --output-format=text ~/elsysapp/views.py
cwd: ~/
> ~/venv/bin/python3.7 ~/.vscode-server/extensions/ms-python.python-2020.10.332292344/pythonFiles/pyvsc-run-isolated.py pylint --load-plugins=pylint_django --msg-template='{line},{column},{category},{symbol}:{msg}' --reports=n --output-format=text ~/elsysapp/views.py
cwd: ~/
##########Linting Output - pylint##########
Error 2020-11-05 11:37:22: stderr jediProxy Error (stderr) /home/gruppe13/.vscode-server/extensions/ms-python.python-2020.10.332292344/pythonFiles/completion.py:587: DeprecationWarning: Deprecated since version 0.16.0. Use Script(...).get_names instead.
  all_scopes=True,

> pyenv root
> ~/venv/bin/python3.7 ~/.vscode-server/extensions/ms-python.python-2020.10.332292344/pythonFiles/pyvsc-run-isolated.py pylint --load-plugins=pylint_django --msg-template='{line},{column},{category},{symbol}:{msg}' --reports=n --output-format=text ~/nettside/settings.py
cwd: ~/
> ~/venv/bin/python3.7 ~/.vscode-server/extensions/ms-python.python-2020.10.332292344/pythonFiles/pyvsc-run-isolated.py pylint --load-plugins=pylint_django --msg-template='{line},{column},{category},{symbol}:{msg}' --reports=n --output-format=text ~/nettside/settings.py
cwd: ~/
> pyenv root
Error 2020-11-05 11:44:23: stderr jediProxy Error (stderr) /home/gruppe13/.vscode-server/extensions/ms-python.python-2020.10.332292344/pythonFiles/completion.py:587: DeprecationWarning: Deprecated since version 0.16.0. Use Script(...).get_names instead.
  all_scopes=True,

##########Linting Output - pylint##########
Error 2020-11-05 11:45:12: stderr jediProxy Error (stderr) /home/gruppe13/.vscode-server/extensions/ms-python.python-2020.10.332292344/pythonFiles/completion.py:598: DeprecationWarning: Providing the line is now done in the functions themselves like `Script(...).complete(line, column)`
  sys_path=sys.path,
/home/gruppe13/.vscode-server/extensions/ms-python.python-2020.10.332292344/pythonFiles/completion.py:598: DeprecationWarning: Providing the column is now done in the functions themselves like `Script(...).complete(line, column)`
  sys_path=sys.path,

Error 2020-11-05 11:45:12: stderr jediProxy Error (stderr) /home/gruppe13/.vscode-server/extensions/ms-python.python-2020.10.332292344/pythonFiles/completion.py:598: DeprecationWarning: Deprecated since version 0.17.0. Use the project API instead, which means Script(project=Project(dir, sys_path=sys_path)) instead.
  sys_path=sys.path,

Error 2020-11-05 11:45:12: stderr jediProxy Error (stderr) /home/gruppe13/.vscode-server/extensions/ms-python.python-2020.10.332292344/pythonFiles/completion.py:626: DeprecationWarning: Deprecated since version 0.16.0. Use Script(...).infer instead.
  script.goto_definitions(), request["id"]

> ~/venv/bin/python3.7 ~/.vscode-server/extensions/ms-python.python-2020.10.332292344/pythonFiles/pyvsc-run-isolated.py pylint --load-plugins=pylint_django --msg-template='{line},{column},{category},{symbol}:{msg}' --reports=n --output-format=text ~/elsysapp/admin.py
cwd: ~/
> ~/venv/bin/python3.7 ~/.vscode-server/extensions/ms-python.python-2020.10.332292344/pythonFiles/pyvsc-run-isolated.py pylint --load-plugins=pylint_django --msg-template='{line},{column},{category},{symbol}:{msg}' --reports=n --output-format=text ~/elsysapp/admin.py
cwd: ~/
> pyenv root
##########Linting Output - pylint##########
> pyenv root
Error 2020-11-05 11:58:07: stderr jediProxy Error (stderr) /home/gruppe13/.vscode-server/extensions/ms-python.python-2020.10.332292344/pythonFiles/completion.py:587: DeprecationWarning: Deprecated since version 0.16.0. Use Script(...).get_names instead.
  all_scopes=True,

> ~/venv/bin/python3.7 ~/.vscode-server/extensions/ms-python.python-2020.10.332292344/pythonFiles/pyvsc-run-isolated.py pylint --load-plugins=pylint_django --msg-template='{line},{column},{category},{symbol}:{msg}' --reports=n --output-format=text ~/nettside/settings.py
cwd: ~/
> ~/venv/bin/python3.7 ~/.vscode-server/extensions/ms-python.python-2020.10.332292344/pythonFiles/pyvsc-run-isolated.py pylint --load-plugins=pylint_django --msg-template='{line},{column},{category},{symbol}:{msg}' --reports=n --output-format=text ~/nettside/settings.py
cwd: ~/
> pyenv root
Error 2020-11-05 11:58:07: stderr jediProxy Error (stderr) /home/gruppe13/.vscode-server/extensions/ms-python.python-2020.10.332292344/pythonFiles/completion.py:598: DeprecationWarning: Providing the line is now done in the functions themselves like `Script(...).complete(line, column)`
  sys_path=sys.path,
/home/gruppe13/.vscode-server/extensions/ms-python.python-2020.10.332292344/pythonFiles/completion.py:598: DeprecationWarning: Providing the column is now done in the functions themselves like `Script(...).complete(line, column)`
  sys_path=sys.path,
/home/gruppe13/.vscode-server/extensions/ms-python.python-2020.10.332292344/pythonFiles/completion.py:598: DeprecationWarning: Deprecated since version 0.17.0. Use the project API instead, which means Script(project=Project(dir, sys_path=sys_path)) instead.
  sys_path=sys.path,

Error 2020-11-05 11:58:07: stderr jediProxy Error (stderr) /home/gruppe13/.vscode-server/extensions/ms-python.python-2020.10.332292344/pythonFiles/completion.py:626: DeprecationWarning: Deprecated since version 0.16.0. Use Script(...).infer instead.
  script.goto_definitions(), request["id"]

##########Linting Output - pylint##########
> pyenv root
Error 2020-11-05 12:01:32: stderr jediProxy Error (stderr) /home/gruppe13/.vscode-server/extensions/ms-python.python-2020.10.332292344/pythonFiles/completion.py:598: DeprecationWarning: Providing the line is now done in the functions themselves like `Script(...).complete(line, column)`
  sys_path=sys.path,
/home/gruppe13/.vscode-server/extensions/ms-python.python-2020.10.332292344/pythonFiles/completion.py:598: DeprecationWarning: Providing the column is now done in the functions themselves like `Script(...).complete(line, column)`
  sys_path=sys.path,
/home/gruppe13/.vscode-server/extensions/ms-python.python-2020.10.332292344/pythonFiles/completion.py:598: DeprecationWarning: Deprecated since version 0.17.0. Use the project API instead, which means Script(project=Project(dir, sys_path=sys_path)) instead.
  sys_path=sys.path,

Error 2020-11-05 12:01:32: stderr jediProxy Error (stderr) /home/gruppe13/.vscode-server/extensions/ms-python.python-2020.10.332292344/pythonFiles/completion.py:626: DeprecationWarning: Deprecated since version 0.16.0. Use Script(...).infer instead.
  script.goto_definitions(), request["id"]

Error 2020-11-05 12:01:35: stderr jediProxy Error (stderr) /home/gruppe13/.vscode-server/extensions/ms-python.python-2020.10.332292344/pythonFiles/completion.py:587: DeprecationWarning: Deprecated since version 0.16.0. Use Script(...).get_names instead.
  all_scopes=True,

Error 2020-11-05 12:01:37: stderr jediProxy Error (stderr) /home/gruppe13/.vscode-server/extensions/ms-python.python-2020.10.332292344/pythonFiles/completion.py:587: DeprecationWarning: Deprecated since version 0.16.0. Use Script(...).get_names instead.
  all_scopes=True,

Error 2020-11-05 12:01:39: stderr jediProxy Error (stderr) /home/gruppe13/.vscode-server/extensions/ms-python.python-2020.10.332292344/pythonFiles/completion.py:587: DeprecationWarning: Deprecated since version 0.16.0. Use Script(...).get_names instead.
  all_scopes=True,

Error 2020-11-05 12:01:44: stderr jediProxy Error (stderr) /home/gruppe13/.vscode-server/extensions/ms-python.python-2020.10.332292344/pythonFiles/completion.py:587: DeprecationWarning: Deprecated since version 0.16.0. Use Script(...).get_names instead.
  all_scopes=True,

> pyenv root
Error 2020-11-05 12:01:46: stderr jediProxy Error (stderr) /home/gruppe13/.vscode-server/extensions/ms-python.python-2020.10.332292344/pythonFiles/completion.py:587: DeprecationWarning: Deprecated since version 0.16.0. Use Script(...).get_names instead.
  all_scopes=True,

Error 2020-11-05 12:01:46: stderr jediProxy Error (stderr) /home/gruppe13/.vscode-server/extensions/ms-python.python-2020.10.332292344/pythonFiles/completion.py:598: DeprecationWarning: Providing the line is now done in the functions themselves like `Script(...).complete(line, column)`
  sys_path=sys.path,
/home/gruppe13/.vscode-server/extensions/ms-python.python-2020.10.332292344/pythonFiles/completion.py:598: DeprecationWarning: Providing the column is now done in the functions themselves like `Script(...).complete(line, column)`
  sys_path=sys.path,
/home/gruppe13/.vscode-server/extensions/ms-python.python-2020.10.332292344/pythonFiles/completion.py:598: DeprecationWarning: Deprecated since version 0.17.0. Use the project API instead, which means Script(project=Project(dir, sys_path=sys_path)) instead.
  sys_path=sys.path,
/home/gruppe13/.vscode-server/extensions/ms-python.python-2020.10.332292344/pythonFiles/completion.py:626: DeprecationWarning: Deprecated since version 0.16.0. Use Script(...).infer instead.
  script.goto_definitions(), request["id"]

Error 2020-11-05 12:01:59: stderr jediProxy Error (stderr) /home/gruppe13/.vscode-server/extensions/ms-python.python-2020.10.332292344/pythonFiles/completion.py:587: DeprecationWarning: Deprecated since version 0.16.0. Use Script(...).get_names instead.
  all_scopes=True,

> ~/venv/bin/python3.7 ~/.vscode-server/extensions/ms-python.python-2020.10.332292344/pythonFiles/pyvsc-run-isolated.py pylint --load-plugins=pylint_django --msg-template='{line},{column},{category},{symbol}:{msg}' --reports=n --output-format=text ~/elsysapp/views.py
cwd: ~/
> ~/venv/bin/python3.7 ~/.vscode-server/extensions/ms-python.python-2020.10.332292344/pythonFiles/pyvsc-run-isolated.py pylint --load-plugins=pylint_django --msg-template='{line},{column},{category},{symbol}:{msg}' --reports=n --output-format=text ~/elsysapp/views.py
cwd: ~/
##########Linting Output - pylint##########
> pyenv root
Error 2020-11-05 12:02:03: stderr jediProxy Error (stderr) /home/gruppe13/.vscode-server/extensions/ms-python.python-2020.10.332292344/pythonFiles/completion.py:587: DeprecationWarning: Deprecated since version 0.16.0. Use Script(...).get_names instead.
  all_scopes=True,

> ~/venv/bin/python3.7 ~/.vscode-server/extensions/ms-python.python-2020.10.332292344/pythonFiles/pyvsc-run-isolated.py pylint --load-plugins=pylint_django --msg-template='{line},{column},{category},{symbol}:{msg}' --reports=n --output-format=text ~/elsysapp/models.py
cwd: ~/
> ~/venv/bin/python3.7 ~/.vscode-server/extensions/ms-python.python-2020.10.332292344/pythonFiles/pyvsc-run-isolated.py pylint --load-plugins=pylint_django --msg-template='{line},{column},{category},{symbol}:{msg}' --reports=n --output-format=text ~/elsysapp/models.py
cwd: ~/
##########Linting Output - pylint##########
Error 2020-11-05 12:06:54: stderr jediProxy Error (stderr) /home/gruppe13/.vscode-server/extensions/ms-python.python-2020.10.332292344/pythonFiles/completion.py:598: DeprecationWarning: Providing the line is now done in the functions themselves like `Script(...).complete(line, column)`
  sys_path=sys.path,
/home/gruppe13/.vscode-server/extensions/ms-python.python-2020.10.332292344/pythonFiles/completion.py:598: DeprecationWarning: Providing the column is now done in the functions themselves like `Script(...).complete(line, column)`
  sys_path=sys.path,
/home/gruppe13/.vscode-server/extensions/ms-python.python-2020.10.332292344/pythonFiles/completion.py:598: DeprecationWarning: Deprecated since version 0.17.0. Use the project API instead, which means Script(project=Project(dir, sys_path=sys_path)) instead.
  sys_path=sys.path,

Error 2020-11-05 12:06:54: stderr jediProxy Error (stderr) /home/gruppe13/.vscode-server/extensions/ms-python.python-2020.10.332292344/pythonFiles/completion.py:626: DeprecationWarning: Deprecated since version 0.16.0. Use Script(...).infer instead.
  script.goto_definitions(), request["id"]

> pyenv root
Error 2020-11-05 12:06:56: stderr jediProxy Error (stderr) /home/gruppe13/.vscode-server/extensions/ms-python.python-2020.10.332292344/pythonFiles/completion.py:587: DeprecationWarning: Deprecated since version 0.16.0. Use Script(...).get_names instead.
  all_scopes=True,

Error 2020-11-05 12:06:56: stderr jediProxy Error (stderr) /home/gruppe13/.vscode-server/extensions/ms-python.python-2020.10.332292344/pythonFiles/completion.py:598: DeprecationWarning: Providing the line is now done in the functions themselves like `Script(...).complete(line, column)`
  sys_path=sys.path,
/home/gruppe13/.vscode-server/extensions/ms-python.python-2020.10.332292344/pythonFiles/completion.py:598: DeprecationWarning: Providing the column is now done in the functions themselves like `Script(...).complete(line, column)`
  sys_path=sys.path,
/home/gruppe13/.vscode-server/extensions/ms-python.python-2020.10.332292344/pythonFiles/completion.py:598: DeprecationWarning: Deprecated since version 0.17.0. Use the project API instead, which means Script(project=Project(dir, sys_path=sys_path)) instead.
  sys_path=sys.path,

Error 2020-11-05 12:06:56: stderr jediProxy Error (stderr) /home/gruppe13/.vscode-server/extensions/ms-python.python-2020.10.332292344/pythonFiles/completion.py:626: DeprecationWarning: Deprecated since version 0.16.0. Use Script(...).infer instead.
  script.goto_definitions(), request["id"]

Error 2020-11-05 12:07:00: stderr jediProxy Error (stderr) /home/gruppe13/.vscode-server/extensions/ms-python.python-2020.10.332292344/pythonFiles/completion.py:598: DeprecationWarning: Providing the line is now done in the functions themselves like `Script(...).complete(line, column)`
  sys_path=sys.path,
/home/gruppe13/.vscode-server/extensions/ms-python.python-2020.10.332292344/pythonFiles/completion.py:598: DeprecationWarning: Providing the column is now done in the functions themselves like `Script(...).complete(line, column)`
  sys_path=sys.path,
/home/gruppe13/.vscode-server/extensions/ms-python.python-2020.10.332292344/pythonFiles/completion.py:598: DeprecationWarning: Deprecated since version 0.17.0. Use the project API instead, which means Script(project=Project(dir, sys_path=sys_path)) instead.
  sys_path=sys.path,

Error 2020-11-05 12:07:00: stderr jediProxy Error (stderr) /home/gruppe13/.vscode-server/extensions/ms-python.python-2020.10.332292344/pythonFiles/completion.py:626: DeprecationWarning: Deprecated since version 0.16.0. Use Script(...).infer instead.
  script.goto_definitions(), request["id"]

> ~/venv/bin/python3.7 ~/.vscode-server/extensions/ms-python.python-2020.10.332292344/pythonFiles/pyvsc-run-isolated.py pylint --load-plugins=pylint_django --msg-template='{line},{column},{category},{symbol}:{msg}' --reports=n --output-format=text ~/settings.py
cwd: ~/
> ~/venv/bin/python3.7 ~/.vscode-server/extensions/ms-python.python-2020.10.332292344/pythonFiles/pyvsc-run-isolated.py pylint --load-plugins=pylint_django --msg-template='{line},{column},{category},{symbol}:{msg}' --reports=n --output-format=text ~/settings.py
cwd: ~/
> pyenv root
Error 2020-11-05 12:07:27: stderr jediProxy Error (stderr) /home/gruppe13/.vscode-server/extensions/ms-python.python-2020.10.332292344/pythonFiles/completion.py:587: DeprecationWarning: Deprecated since version 0.16.0. Use Script(...).get_names instead.
  all_scopes=True,

##########Linting Output - pylint##########
Error 2020-11-05 12:07:54: stderr jediProxy Error (stderr) /home/gruppe13/.vscode-server/extensions/ms-python.python-2020.10.332292344/pythonFiles/completion.py:598: DeprecationWarning: Providing the line is now done in the functions themselves like `Script(...).complete(line, column)`
  sys_path=sys.path,
/home/gruppe13/.vscode-server/extensions/ms-python.python-2020.10.332292344/pythonFiles/completion.py:598: DeprecationWarning: Providing the column is now done in the functions themselves like `Script(...).complete(line, column)`
  sys_path=sys.path,
/home/gruppe13/.vscode-server/extensions/ms-python.python-2020.10.332292344/pythonFiles/completion.py:598: DeprecationWarning: Deprecated since version 0.17.0. Use the project API instead, which means Script(project=Project(dir, sys_path=sys_path)) instead.
  sys_path=sys.path,

Error 2020-11-05 12:07:55: stderr jediProxy Error (stderr) /home/gruppe13/.vscode-server/extensions/ms-python.python-2020.10.332292344/pythonFiles/completion.py:626: DeprecationWarning: Deprecated since version 0.16.0. Use Script(...).infer instead.
  script.goto_definitions(), request["id"]

