User belongs to experiment group 'ShowPlayIcon - start'
User belongs to experiment group 'DebugAdapterFactory - experiment'
User belongs to experiment group 'PtvsdWheels37 - experiment'
User belongs to experiment group 'UseTerminalToGetActivatedEnvVars - control'
User belongs to experiment group 'LocalZMQKernel - experiment'
User belongs to experiment group 'CollectLSRequestTiming - control'
User belongs to experiment group 'CollectNodeLSRequestTiming - experiment'
User belongs to experiment group 'EnableIPyWidgets - experiment'
User belongs to experiment group 'RunByLine - experiment'
User belongs to experiment group 'CustomEditorSupport - control'
User belongs to experiment group 'pythonaa'
> conda --version
> pyenv root
> python3.7 ~/.vscode-server/extensions/ms-python.python-2020.11.358366026/pythonFiles/pyvsc-run-isolated.py -c "import sys;print(sys.executable)"
> python3.6 ~/.vscode-server/extensions/ms-python.python-2020.11.358366026/pythonFiles/pyvsc-run-isolated.py -c "import sys;print(sys.executable)"
> python3 ~/.vscode-server/extensions/ms-python.python-2020.11.358366026/pythonFiles/pyvsc-run-isolated.py -c "import sys;print(sys.executable)"
> python2 ~/.vscode-server/extensions/ms-python.python-2020.11.358366026/pythonFiles/pyvsc-run-isolated.py -c "import sys;print(sys.executable)"
> python ~/.vscode-server/extensions/ms-python.python-2020.11.358366026/pythonFiles/pyvsc-run-isolated.py -c "import sys;print(sys.executable)"
> python ~/.vscode-server/extensions/ms-python.python-2020.11.358366026/pythonFiles/pyvsc-run-isolated.py -c "import sys;print(sys.executable)"
> conda info --json
> python ~/.vscode-server/extensions/ms-python.python-2020.11.358366026/pythonFiles/pyvsc-run-isolated.py -c "import sys;print(sys.executable)"
> python ~/.vscode-server/extensions/ms-python.python-2020.11.358366026/pythonFiles/pyvsc-run-isolated.py -c "import sys;print(sys.executable)"
> pyenv root
> pyenv root
> pyenv root
> pyenv root
> pyenv root
> pyenv root
Error 2020-11-12 12:54:38: Failed to check if file needs to be fixed [EntryNotFound (FileSystemError): Unable to read file 'vscode-remote://ssh-remote+innovasjon.ed.ntnu.no/home/gruppe13/.config/Code/User/settings.json' (EntryNotFound (FileSystemError): Error: ENOENT: no such file or directory, open '/home/gruppe13/.config/Code/User/settings.json')
	at _handleError (/home/gruppe13/.vscode-server/bin/fcac248b077b55bae4ba5bab613fd6e9156c2f0c/out/vs/server/remoteExtensionHostProcess.js:754:838)
	at processTicksAndRejections (internal/process/task_queues.js:94:5)
	at async y.readText (/home/gruppe13/.vscode-server/extensions/ms-python.python-2020.11.358366026/out/client/extension.js:9:152841)
	at async p.doesFileNeedToBeFixed (/home/gruppe13/.vscode-server/extensions/ms-python.python-2020.11.358366026/out/client/extension.js:39:468556)
	at async /home/gruppe13/.vscode-server/extensions/ms-python.python-2020.11.358366026/out/client/extension.js:39:467683
	at async Promise.all (index 0)
	at async p.getFilesToBeFixed (/home/gruppe13/.vscode-server/extensions/ms-python.python-2020.11.358366026/out/client/extension.js:39:467629)
	at async p.updateTestSettings (/home/gruppe13/.vscode-server/extensions/ms-python.python-2020.11.358366026/out/client/extension.js:39:467256)] {
  code: 'FileNotFound',
  name: 'EntryNotFound (FileSystemError)'
}
Error 2020-11-12 12:54:38: Failed to check if file needs to be fixed [EntryNotFound (FileSystemError): Unable to read file 'vscode-remote://ssh-remote+innovasjon.ed.ntnu.no/home/gruppe13/.vscode/settings.json' (EntryNotFound (FileSystemError): Error: ENOENT: no such file or directory, open '/home/gruppe13/.vscode/settings.json')
	at _handleError (/home/gruppe13/.vscode-server/bin/fcac248b077b55bae4ba5bab613fd6e9156c2f0c/out/vs/server/remoteExtensionHostProcess.js:754:838)
	at processTicksAndRejections (internal/process/task_queues.js:94:5)
	at async y.readText (/home/gruppe13/.vscode-server/extensions/ms-python.python-2020.11.358366026/out/client/extension.js:9:152841)
	at async p.doesFileNeedToBeFixed (/home/gruppe13/.vscode-server/extensions/ms-python.python-2020.11.358366026/out/client/extension.js:39:468556)
	at async /home/gruppe13/.vscode-server/extensions/ms-python.python-2020.11.358366026/out/client/extension.js:39:467683
	at async Promise.all (index 1)
	at async p.getFilesToBeFixed (/home/gruppe13/.vscode-server/extensions/ms-python.python-2020.11.358366026/out/client/extension.js:39:467629)
	at async p.updateTestSettings (/home/gruppe13/.vscode-server/extensions/ms-python.python-2020.11.358366026/out/client/extension.js:39:467256)] {
  code: 'FileNotFound',
  name: 'EntryNotFound (FileSystemError)'
}
> pyenv root
> pyenv root
> pyenv root
> pyenv root
> pyenv root
> pyenv root
Starting Jedi Python language engine.
Python interpreter path: ./venv/bin/python3.7
> ~/venv/bin/python3.7 ~/.vscode-server/extensions/ms-python.python-2020.11.358366026/pythonFiles/pyvsc-run-isolated.py pylint --load-plugins=pylint_django --msg-template='{line},{column},{category},{symbol}:{msg}' --reports=n --output-format=text ~/elsysapp/views.py
cwd: ~/
> ~/venv/bin/python3.7 ~/.vscode-server/extensions/ms-python.python-2020.11.358366026/pythonFiles/pyvsc-run-isolated.py pylint --load-plugins=pylint_django --msg-template='{line},{column},{category},{symbol}:{msg}' --reports=n --output-format=text ~/elsysapp/views.py
cwd: ~/
> pyenv root
> ~/venv/bin/python3.7 ~/.vscode-server/extensions/ms-python.python-2020.11.358366026/pythonFiles/pyvsc-run-isolated.py -c "import sys;print(sys.prefix)"
cwd: ~/
> ~/venv/bin/python3.7 ~/.vscode-server/extensions/ms-python.python-2020.11.358366026/pythonFiles/pyvsc-run-isolated.py -c "import sys;print(sys.prefix)"
cwd: ~/
> ~/venv/bin/python3.7 ~/.vscode-server/extensions/ms-python.python-2020.11.358366026/pythonFiles/pyvsc-run-isolated.py -c "import sys;print(sys.executable)"
cwd: ~/
> ~/venv/bin/python3.7 ~/.vscode-server/extensions/ms-python.python-2020.11.358366026/pythonFiles/pyvsc-run-isolated.py -c "import sys;print(sys.executable)"
cwd: ~/
> ~/venv/bin/python3.7 ~/.vscode-server/extensions/ms-python.python-2020.11.358366026/pythonFiles/pyvsc-run-isolated.py -c "from distutils.sysconfig import get_python_lib; print(get_python_lib())"
cwd: ~/
> ~/venv/bin/python3.7 ~/.vscode-server/extensions/ms-python.python-2020.11.358366026/pythonFiles/pyvsc-run-isolated.py -c "from distutils.sysconfig import get_python_lib; print(get_python_lib())"
cwd: ~/
> ~/venv/bin/python3.7 ~/.vscode-server/extensions/ms-python.python-2020.11.358366026/pythonFiles/pyvsc-run-isolated.py site --user-site
cwd: ~/
> ~/venv/bin/python3.7 ~/.vscode-server/extensions/ms-python.python-2020.11.358366026/pythonFiles/pyvsc-run-isolated.py site --user-site
cwd: ~/
> ~/venv/bin/python3.7 ~/.vscode-server/extensions/ms-python.python-2020.11.358366026/pythonFiles/pyvsc-run-isolated.py ~/.vscode-server/extensions/ms-python.python-2020.11.358366026/pythonFiles/completion.py
> ~/venv/bin/python3.7 ~/.vscode-server/extensions/ms-python.python-2020.11.358366026/pythonFiles/pyvsc-run-isolated.py ~/.vscode-server/extensions/ms-python.python-2020.11.358366026/pythonFiles/completion.py
##########Linting Output - pylint##########
Error 2020-11-12 12:54:40: stderr jediProxy Error (stderr) /home/gruppe13/.vscode-server/extensions/ms-python.python-2020.11.358366026/pythonFiles/completion.py:587: DeprecationWarning: Deprecated since version 0.16.0. Use Script(...).get_names instead.
  all_scopes=True,

> pyenv root
> pyenv root
> pyenv root
> conda --version
> pyenv root
> pyenv root
> pyenv root
> pyenv root
> pyenv root
> pyenv root
> pyenv root
> ~/venv/bin/python3.7 ~/.vscode-server/extensions/ms-python.python-2020.11.358366026/pythonFiles/pyvsc-run-isolated.py pylint --load-plugins=pylint_django --msg-template='{line},{column},{category},{symbol}:{msg}' --reports=n --output-format=text ~/elsysapp/models.py
cwd: ~/
> ~/venv/bin/python3.7 ~/.vscode-server/extensions/ms-python.python-2020.11.358366026/pythonFiles/pyvsc-run-isolated.py pylint --load-plugins=pylint_django --msg-template='{line},{column},{category},{symbol}:{msg}' --reports=n --output-format=text ~/elsysapp/models.py
cwd: ~/
> pyenv root
Error 2020-11-12 12:55:36: stderr jediProxy Error (stderr) /home/gruppe13/.vscode-server/extensions/ms-python.python-2020.11.358366026/pythonFiles/completion.py:587: DeprecationWarning: Deprecated since version 0.16.0. Use Script(...).get_names instead.
  all_scopes=True,

##########Linting Output - pylint##########
Error 2020-11-12 12:55:47: stderr jediProxy Error (stderr) /home/gruppe13/.vscode-server/extensions/ms-python.python-2020.11.358366026/pythonFiles/completion.py:598: DeprecationWarning: Providing the line is now done in the functions themselves like `Script(...).complete(line, column)`
  sys_path=sys.path,
/home/gruppe13/.vscode-server/extensions/ms-python.python-2020.11.358366026/pythonFiles/completion.py:598: DeprecationWarning: Providing the column is now done in the functions themselves like `Script(...).complete(line, column)`
  sys_path=sys.path,
/home/gruppe13/.vscode-server/extensions/ms-python.python-2020.11.358366026/pythonFiles/completion.py:598: DeprecationWarning: Deprecated since version 0.17.0. Use the project API instead, which means Script(project=Project(dir, sys_path=sys_path)) instead.
  sys_path=sys.path,

Error 2020-11-12 12:55:47: stderr jediProxy Error (stderr) /home/gruppe13/.vscode-server/extensions/ms-python.python-2020.11.358366026/pythonFiles/completion.py:626: DeprecationWarning: Deprecated since version 0.16.0. Use Script(...).infer instead.
  script.goto_definitions(), request["id"]

> pyenv root
Error 2020-11-12 12:55:48: stderr jediProxy Error (stderr) /home/gruppe13/.vscode-server/extensions/ms-python.python-2020.11.358366026/pythonFiles/completion.py:587: DeprecationWarning: Deprecated since version 0.16.0. Use Script(...).get_names instead.
  all_scopes=True,

Error 2020-11-12 12:55:50: stderr jediProxy Error (stderr) /home/gruppe13/.vscode-server/extensions/ms-python.python-2020.11.358366026/pythonFiles/completion.py:598: DeprecationWarning: Providing the line is now done in the functions themselves like `Script(...).complete(line, column)`
  sys_path=sys.path,
/home/gruppe13/.vscode-server/extensions/ms-python.python-2020.11.358366026/pythonFiles/completion.py:598: DeprecationWarning: Providing the column is now done in the functions themselves like `Script(...).complete(line, column)`
  sys_path=sys.path,
/home/gruppe13/.vscode-server/extensions/ms-python.python-2020.11.358366026/pythonFiles/completion.py:598: DeprecationWarning: Deprecated since version 0.17.0. Use the project API instead, which means Script(project=Project(dir, sys_path=sys_path)) instead.
  sys_path=sys.path,

Error 2020-11-12 12:55:50: stderr jediProxy Error (stderr) /home/gruppe13/.vscode-server/extensions/ms-python.python-2020.11.358366026/pythonFiles/completion.py:626: DeprecationWarning: Deprecated since version 0.16.0. Use Script(...).infer instead.
  script.goto_definitions(), request["id"]

> pyenv root
> pyenv root
Error 2020-11-12 12:56:10: stderr jediProxy Error (stderr) /home/gruppe13/.vscode-server/extensions/ms-python.python-2020.11.358366026/pythonFiles/completion.py:587: DeprecationWarning: Deprecated since version 0.16.0. Use Script(...).get_names instead.
  all_scopes=True,

> pyenv root
Error 2020-11-12 12:56:11: stderr jediProxy Error (stderr) /home/gruppe13/.vscode-server/extensions/ms-python.python-2020.11.358366026/pythonFiles/completion.py:587: DeprecationWarning: Deprecated since version 0.16.0. Use Script(...).get_names instead.
  all_scopes=True,

> pyenv root
> pyenv root
Error 2020-11-12 12:56:42: stderr jediProxy Error (stderr) /home/gruppe13/.vscode-server/extensions/ms-python.python-2020.11.358366026/pythonFiles/completion.py:587: DeprecationWarning: Deprecated since version 0.16.0. Use Script(...).get_names instead.
  all_scopes=True,

Error 2020-11-12 12:57:23: stderr jediProxy Error (stderr) /home/gruppe13/.vscode-server/extensions/ms-python.python-2020.11.358366026/pythonFiles/completion.py:598: DeprecationWarning: Providing the line is now done in the functions themselves like `Script(...).complete(line, column)`
  sys_path=sys.path,
/home/gruppe13/.vscode-server/extensions/ms-python.python-2020.11.358366026/pythonFiles/completion.py:598: DeprecationWarning: Providing the column is now done in the functions themselves like `Script(...).complete(line, column)`
  sys_path=sys.path,
/home/gruppe13/.vscode-server/extensions/ms-python.python-2020.11.358366026/pythonFiles/completion.py:598: DeprecationWarning: Deprecated since version 0.17.0. Use the project API instead, which means Script(project=Project(dir, sys_path=sys_path)) instead.
  sys_path=sys.path,

Error 2020-11-12 12:57:23: stderr jediProxy Error (stderr) /home/gruppe13/.vscode-server/extensions/ms-python.python-2020.11.358366026/pythonFiles/completion.py:626: DeprecationWarning: Deprecated since version 0.16.0. Use Script(...).infer instead.
  script.goto_definitions(), request["id"]

Error 2020-11-12 12:57:26: stderr jediProxy Error (stderr) /home/gruppe13/.vscode-server/extensions/ms-python.python-2020.11.358366026/pythonFiles/completion.py:598: DeprecationWarning: Use the code keyword argument instead.
  sys_path=sys.path,

Error 2020-11-12 12:57:26: stderr jediProxy Error (stderr) /home/gruppe13/.vscode-server/extensions/ms-python.python-2020.11.358366026/pythonFiles/completion.py:105: DeprecationWarning: Deprecated since version 0.16.0. Use Script(...).get_signatures instead.
  call_signatures = script.call_signatures()

Error 2020-11-12 12:57:26: stderr jediProxy Error (stderr) /home/gruppe13/.vscode-server/extensions/ms-python.python-2020.11.358366026/pythonFiles/completion.py:230: DeprecationWarning: Deprecated since version 0.16.0. Use Script(...).complete instead.
  completions = script.completions()

Error 2020-11-12 12:57:28: stderr jediProxy Error (stderr) /home/gruppe13/.vscode-server/extensions/ms-python.python-2020.11.358366026/pythonFiles/completion.py:603: DeprecationWarning: Deprecated since version 0.16.0. Use Script(...).goto instead.
  script.goto_assignments(follow_imports=True), request["id"]

Error 2020-11-12 12:57:28: stderr jediProxy Error (stderr) /home/gruppe13/.vscode-server/extensions/ms-python.python-2020.11.358366026/pythonFiles/completion.py:587: DeprecationWarning: Deprecated since version 0.16.0. Use Script(...).get_names instead.
  all_scopes=True,

> ~/venv/bin/python3.7 ~/.vscode-server/extensions/ms-python.python-2020.11.358366026/pythonFiles/pyvsc-run-isolated.py pylint --load-plugins=pylint_django --msg-template='{line},{column},{category},{symbol}:{msg}' --reports=n --output-format=text ~/elsysapp/models.py
cwd: ~/
> ~/venv/bin/python3.7 ~/.vscode-server/extensions/ms-python.python-2020.11.358366026/pythonFiles/pyvsc-run-isolated.py pylint --load-plugins=pylint_django --msg-template='{line},{column},{category},{symbol}:{msg}' --reports=n --output-format=text ~/elsysapp/models.py
cwd: ~/
##########Linting Output - pylint##########
> pyenv root
> pyenv root
Error 2020-11-12 12:59:10: stderr jediProxy Error (stderr) /home/gruppe13/.vscode-server/extensions/ms-python.python-2020.11.358366026/pythonFiles/completion.py:587: DeprecationWarning: Deprecated since version 0.16.0. Use Script(...).get_names instead.
  all_scopes=True,

Error 2020-11-12 12:59:11: stderr jediProxy Error (stderr) /home/gruppe13/.vscode-server/extensions/ms-python.python-2020.11.358366026/pythonFiles/completion.py:598: DeprecationWarning: Providing the line is now done in the functions themselves like `Script(...).complete(line, column)`
  sys_path=sys.path,
/home/gruppe13/.vscode-server/extensions/ms-python.python-2020.11.358366026/pythonFiles/completion.py:598: DeprecationWarning: Providing the column is now done in the functions themselves like `Script(...).complete(line, column)`
  sys_path=sys.path,
/home/gruppe13/.vscode-server/extensions/ms-python.python-2020.11.358366026/pythonFiles/completion.py:598: DeprecationWarning: Deprecated since version 0.17.0. Use the project API instead, which means Script(project=Project(dir, sys_path=sys_path)) instead.
  sys_path=sys.path,

Error 2020-11-12 12:59:11: stderr jediProxy Error (stderr) /home/gruppe13/.vscode-server/extensions/ms-python.python-2020.11.358366026/pythonFiles/completion.py:626: DeprecationWarning: Deprecated since version 0.16.0. Use Script(...).infer instead.
  script.goto_definitions(), request["id"]

Error 2020-11-12 12:59:12: stderr jediProxy Error (stderr) /home/gruppe13/.vscode-server/extensions/ms-python.python-2020.11.358366026/pythonFiles/completion.py:598: DeprecationWarning: Use the code keyword argument instead.
  sys_path=sys.path,

Error 2020-11-12 12:59:12: stderr jediProxy Error (stderr) /home/gruppe13/.vscode-server/extensions/ms-python.python-2020.11.358366026/pythonFiles/completion.py:105: DeprecationWarning: Deprecated since version 0.16.0. Use Script(...).get_signatures instead.
  call_signatures = script.call_signatures()

Error 2020-11-12 12:59:12: stderr jediProxy Error (stderr) /home/gruppe13/.vscode-server/extensions/ms-python.python-2020.11.358366026/pythonFiles/completion.py:230: DeprecationWarning: Deprecated since version 0.16.0. Use Script(...).complete instead.
  completions = script.completions()

> ~/venv/bin/python3.7 ~/.vscode-server/extensions/ms-python.python-2020.11.358366026/pythonFiles/pyvsc-run-isolated.py pylint --load-plugins=pylint_django --msg-template='{line},{column},{category},{symbol}:{msg}' --reports=n --output-format=text ~/elsysapp/models.py
cwd: ~/
> ~/venv/bin/python3.7 ~/.vscode-server/extensions/ms-python.python-2020.11.358366026/pythonFiles/pyvsc-run-isolated.py pylint --load-plugins=pylint_django --msg-template='{line},{column},{category},{symbol}:{msg}' --reports=n --output-format=text ~/elsysapp/models.py
cwd: ~/
Error 2020-11-12 12:59:15: stderr jediProxy Error (stderr) /home/gruppe13/.vscode-server/extensions/ms-python.python-2020.11.358366026/pythonFiles/completion.py:587: DeprecationWarning: Deprecated since version 0.16.0. Use Script(...).get_names instead.
  all_scopes=True,

##########Linting Output - pylint##########
> pyenv root
> pyenv root
> pyenv root
Error 2020-11-12 12:59:18: stderr jediProxy Error (stderr) /home/gruppe13/.vscode-server/extensions/ms-python.python-2020.11.358366026/pythonFiles/completion.py:587: DeprecationWarning: Deprecated since version 0.16.0. Use Script(...).get_names instead.
  all_scopes=True,

Error 2020-11-12 12:59:19: stderr jediProxy Error (stderr) /home/gruppe13/.vscode-server/extensions/ms-python.python-2020.11.358366026/pythonFiles/completion.py:598: DeprecationWarning: Providing the line is now done in the functions themselves like `Script(...).complete(line, column)`
  sys_path=sys.path,
/home/gruppe13/.vscode-server/extensions/ms-python.python-2020.11.358366026/pythonFiles/completion.py:598: DeprecationWarning: Providing the column is now done in the functions themselves like `Script(...).complete(line, column)`
  sys_path=sys.path,
/home/gruppe13/.vscode-server/extensions/ms-python.python-2020.11.358366026/pythonFiles/completion.py:598: DeprecationWarning: Deprecated since version 0.17.0. Use the project API instead, which means Script(project=Project(dir, sys_path=sys_path)) instead.
  sys_path=sys.path,
/home/gruppe13/.vscode-server/extensions/ms-python.python-2020.11.358366026/pythonFiles/completion.py:626: DeprecationWarning: Deprecated since version 0.16.0. Use Script(...).infer instead.
  script.goto_definitions(), request["id"]

Error 2020-11-12 12:59:27: stderr jediProxy Error (stderr) /home/gruppe13/.vscode-server/extensions/ms-python.python-2020.11.358366026/pythonFiles/completion.py:587: DeprecationWarning: Deprecated since version 0.16.0. Use Script(...).get_names instead.
  all_scopes=True,

Error 2020-11-12 12:59:28: stderr jediProxy Error (stderr) /home/gruppe13/.vscode-server/extensions/ms-python.python-2020.11.358366026/pythonFiles/completion.py:598: DeprecationWarning: Providing the line is now done in the functions themselves like `Script(...).complete(line, column)`
  sys_path=sys.path,
/home/gruppe13/.vscode-server/extensions/ms-python.python-2020.11.358366026/pythonFiles/completion.py:598: DeprecationWarning: Providing the column is now done in the functions themselves like `Script(...).complete(line, column)`
  sys_path=sys.path,

Error 2020-11-12 12:59:28: stderr jediProxy Error (stderr) /home/gruppe13/.vscode-server/extensions/ms-python.python-2020.11.358366026/pythonFiles/completion.py:598: DeprecationWarning: Deprecated since version 0.17.0. Use the project API instead, which means Script(project=Project(dir, sys_path=sys_path)) instead.
  sys_path=sys.path,
/home/gruppe13/.vscode-server/extensions/ms-python.python-2020.11.358366026/pythonFiles/completion.py:626: DeprecationWarning: Deprecated since version 0.16.0. Use Script(...).infer instead.
  script.goto_definitions(), request["id"]

Error 2020-11-12 12:59:35: stderr jediProxy Error (stderr) /home/gruppe13/.vscode-server/extensions/ms-python.python-2020.11.358366026/pythonFiles/completion.py:598: DeprecationWarning: Use the code keyword argument instead.
  sys_path=sys.path,

Error 2020-11-12 12:59:36: stderr jediProxy Error (stderr) /home/gruppe13/.vscode-server/extensions/ms-python.python-2020.11.358366026/pythonFiles/completion.py:587: DeprecationWarning: Deprecated since version 0.16.0. Use Script(...).get_names instead.
  all_scopes=True,

> ~/venv/bin/python3.7 ~/.vscode-server/extensions/ms-python.python-2020.11.358366026/pythonFiles/pyvsc-run-isolated.py pylint --load-plugins=pylint_django --msg-template='{line},{column},{category},{symbol}:{msg}' --reports=n --output-format=text ~/elsysapp/views.py
cwd: ~/
> ~/venv/bin/python3.7 ~/.vscode-server/extensions/ms-python.python-2020.11.358366026/pythonFiles/pyvsc-run-isolated.py pylint --load-plugins=pylint_django --msg-template='{line},{column},{category},{symbol}:{msg}' --reports=n --output-format=text ~/elsysapp/views.py
cwd: ~/
Error 2020-11-12 12:59:39: stderr jediProxy Error (stderr) /home/gruppe13/.vscode-server/extensions/ms-python.python-2020.11.358366026/pythonFiles/completion.py:587: DeprecationWarning: Deprecated since version 0.16.0. Use Script(...).get_names instead.
  all_scopes=True,

##########Linting Output - pylint##########
> ~/venv/bin/python3.7 ~/.vscode-server/extensions/ms-python.python-2020.11.358366026/pythonFiles/pyvsc-run-isolated.py pylint --load-plugins=pylint_django --msg-template='{line},{column},{category},{symbol}:{msg}' --reports=n --output-format=text ~/elsysapp/views.py
cwd: ~/
> ~/venv/bin/python3.7 ~/.vscode-server/extensions/ms-python.python-2020.11.358366026/pythonFiles/pyvsc-run-isolated.py pylint --load-plugins=pylint_django --msg-template='{line},{column},{category},{symbol}:{msg}' --reports=n --output-format=text ~/elsysapp/views.py
cwd: ~/
Error 2020-11-12 13:01:03: stderr jediProxy Error (stderr) /home/gruppe13/.vscode-server/extensions/ms-python.python-2020.11.358366026/pythonFiles/completion.py:587: DeprecationWarning: Deprecated since version 0.16.0. Use Script(...).get_names instead.
  all_scopes=True,

##########Linting Output - pylint##########
Error 2020-11-12 13:01:15: stderr jediProxy Error (stderr) /home/gruppe13/.vscode-server/extensions/ms-python.python-2020.11.358366026/pythonFiles/completion.py:598: DeprecationWarning: Providing the line is now done in the functions themselves like `Script(...).complete(line, column)`
  sys_path=sys.path,
/home/gruppe13/.vscode-server/extensions/ms-python.python-2020.11.358366026/pythonFiles/completion.py:598: DeprecationWarning: Providing the column is now done in the functions themselves like `Script(...).complete(line, column)`
  sys_path=sys.path,
/home/gruppe13/.vscode-server/extensions/ms-python.python-2020.11.358366026/pythonFiles/completion.py:598: DeprecationWarning: Deprecated since version 0.17.0. Use the project API instead, which means Script(project=Project(dir, sys_path=sys_path)) instead.
  sys_path=sys.path,

Error 2020-11-12 13:01:15: stderr jediProxy Error (stderr) /home/gruppe13/.vscode-server/extensions/ms-python.python-2020.11.358366026/pythonFiles/completion.py:603: DeprecationWarning: Deprecated since version 0.16.0. Use Script(...).goto instead.
  script.goto_assignments(follow_imports=True), request["id"]

> ~/venv/bin/python3.7 ~/.vscode-server/extensions/ms-python.python-2020.11.358366026/pythonFiles/pyvsc-run-isolated.py pylint --load-plugins=pylint_django --msg-template='{line},{column},{category},{symbol}:{msg}' --reports=n --output-format=text ~/elsysapp/views.py
cwd: ~/
> ~/venv/bin/python3.7 ~/.vscode-server/extensions/ms-python.python-2020.11.358366026/pythonFiles/pyvsc-run-isolated.py pylint --load-plugins=pylint_django --msg-template='{line},{column},{category},{symbol}:{msg}' --reports=n --output-format=text ~/elsysapp/views.py
cwd: ~/
> ~/venv/bin/python3.7 ~/.vscode-server/extensions/ms-python.python-2020.11.358366026/pythonFiles/pyvsc-run-isolated.py pylint --load-plugins=pylint_django --msg-template='{line},{column},{category},{symbol}:{msg}' --reports=n --output-format=text ~/.vscode-server/extensions/ms-python.python-2020.11.358366026/pythonFiles/lib/python/jedi/third_party/typeshed/stdlib/2and3/builtins.pyi
cwd: ~/
> ~/venv/bin/python3.7 ~/.vscode-server/extensions/ms-python.python-2020.11.358366026/pythonFiles/pyvsc-run-isolated.py pylint --load-plugins=pylint_django --msg-template='{line},{column},{category},{symbol}:{msg}' --reports=n --output-format=text ~/.vscode-server/extensions/ms-python.python-2020.11.358366026/pythonFiles/lib/python/jedi/third_party/typeshed/stdlib/2and3/builtins.pyi
cwd: ~/
##########Linting Output - pylint##########
##########Linting Output - pylint##########
Error 2020-11-12 13:01:16: stderr jediProxy Error (stderr) /home/gruppe13/.vscode-server/extensions/ms-python.python-2020.11.358366026/pythonFiles/completion.py:587: DeprecationWarning: Deprecated since version 0.16.0. Use Script(...).get_names instead.
  all_scopes=True,

Error 2020-11-12 13:23:49: stderr jediProxy Error (stderr) /home/gruppe13/.vscode-server/extensions/ms-python.python-2020.11.358366026/pythonFiles/completion.py:598: DeprecationWarning: Providing the line is now done in the functions themselves like `Script(...).complete(line, column)`
  sys_path=sys.path,
/home/gruppe13/.vscode-server/extensions/ms-python.python-2020.11.358366026/pythonFiles/completion.py:598: DeprecationWarning: Providing the column is now done in the functions themselves like `Script(...).complete(line, column)`
  sys_path=sys.path,

Error 2020-11-12 13:23:49: stderr jediProxy Error (stderr) /home/gruppe13/.vscode-server/extensions/ms-python.python-2020.11.358366026/pythonFiles/completion.py:598: DeprecationWarning: Deprecated since version 0.17.0. Use the project API instead, which means Script(project=Project(dir, sys_path=sys_path)) instead.
  sys_path=sys.path,

Error 2020-11-12 13:23:49: stderr jediProxy Error (stderr) /home/gruppe13/.vscode-server/extensions/ms-python.python-2020.11.358366026/pythonFiles/completion.py:626: DeprecationWarning: Deprecated since version 0.16.0. Use Script(...).infer instead.
  script.goto_definitions(), request["id"]

> pyenv root
Error 2020-11-12 13:23:51: stderr jediProxy Error (stderr) /home/gruppe13/.vscode-server/extensions/ms-python.python-2020.11.358366026/pythonFiles/completion.py:587: DeprecationWarning: Deprecated since version 0.16.0. Use Script(...).get_names instead.
  all_scopes=True,

> pyenv root
Error 2020-11-12 13:24:43: stderr jediProxy Error (stderr) /home/gruppe13/.vscode-server/extensions/ms-python.python-2020.11.358366026/pythonFiles/completion.py:587: DeprecationWarning: Deprecated since version 0.16.0. Use Script(...).get_names instead.
  all_scopes=True,

Error 2020-11-12 13:24:43: stderr jediProxy Error (stderr) /home/gruppe13/.vscode-server/extensions/ms-python.python-2020.11.358366026/pythonFiles/completion.py:598: DeprecationWarning: Providing the line is now done in the functions themselves like `Script(...).complete(line, column)`
  sys_path=sys.path,
/home/gruppe13/.vscode-server/extensions/ms-python.python-2020.11.358366026/pythonFiles/completion.py:598: DeprecationWarning: Providing the column is now done in the functions themselves like `Script(...).complete(line, column)`
  sys_path=sys.path,
/home/gruppe13/.vscode-server/extensions/ms-python.python-2020.11.358366026/pythonFiles/completion.py:598: DeprecationWarning: Deprecated since version 0.17.0. Use the project API instead, which means Script(project=Project(dir, sys_path=sys_path)) instead.
  sys_path=sys.path,
/home/gruppe13/.vscode-server/extensions/ms-python.python-2020.11.358366026/pythonFiles/completion.py:626: DeprecationWarning: Deprecated since version 0.16.0. Use Script(...).infer instead.
  script.goto_definitions(), request["id"]

> ~/venv/bin/python3.7 ~/.vscode-server/extensions/ms-python.python-2020.11.358366026/pythonFiles/pyvsc-run-isolated.py pylint --load-plugins=pylint_django --msg-template='{line},{column},{category},{symbol}:{msg}' --reports=n --output-format=text ~/elsysapp/urls.py
cwd: ~/
> ~/venv/bin/python3.7 ~/.vscode-server/extensions/ms-python.python-2020.11.358366026/pythonFiles/pyvsc-run-isolated.py pylint --load-plugins=pylint_django --msg-template='{line},{column},{category},{symbol}:{msg}' --reports=n --output-format=text ~/elsysapp/urls.py
cwd: ~/
> pyenv root
Error 2020-11-12 13:30:26: stderr jediProxy Error (stderr) /home/gruppe13/.vscode-server/extensions/ms-python.python-2020.11.358366026/pythonFiles/completion.py:587: DeprecationWarning: Deprecated since version 0.16.0. Use Script(...).get_names instead.
  all_scopes=True,

##########Linting Output - pylint##########
> ~/venv/bin/python3.7 ~/.vscode-server/extensions/ms-python.python-2020.11.358366026/pythonFiles/pyvsc-run-isolated.py pylint --load-plugins=pylint_django --msg-template='{line},{column},{category},{symbol}:{msg}' --reports=n --output-format=text ~/elsysapp/tests.py
cwd: ~/
> ~/venv/bin/python3.7 ~/.vscode-server/extensions/ms-python.python-2020.11.358366026/pythonFiles/pyvsc-run-isolated.py pylint --load-plugins=pylint_django --msg-template='{line},{column},{category},{symbol}:{msg}' --reports=n --output-format=text ~/elsysapp/tests.py
cwd: ~/
> pyenv root
##########Linting Output - pylint##########
> ~/venv/bin/python3.7 ~/.vscode-server/extensions/ms-python.python-2020.11.358366026/pythonFiles/pyvsc-run-isolated.py pylint --load-plugins=pylint_django --msg-template='{line},{column},{category},{symbol}:{msg}' --reports=n --output-format=text ~/elsysapp/admin.py
cwd: ~/
> ~/venv/bin/python3.7 ~/.vscode-server/extensions/ms-python.python-2020.11.358366026/pythonFiles/pyvsc-run-isolated.py pylint --load-plugins=pylint_django --msg-template='{line},{column},{category},{symbol}:{msg}' --reports=n --output-format=text ~/elsysapp/admin.py
cwd: ~/
> pyenv root
##########Linting Output - pylint##########
> ~/venv/bin/python3.7 ~/.vscode-server/extensions/ms-python.python-2020.11.358366026/pythonFiles/pyvsc-run-isolated.py pylint --load-plugins=pylint_django --msg-template='{line},{column},{category},{symbol}:{msg}' --reports=n --output-format=text ~/elsysapp/apps.py
cwd: ~/
> ~/venv/bin/python3.7 ~/.vscode-server/extensions/ms-python.python-2020.11.358366026/pythonFiles/pyvsc-run-isolated.py pylint --load-plugins=pylint_django --msg-template='{line},{column},{category},{symbol}:{msg}' --reports=n --output-format=text ~/elsysapp/apps.py
cwd: ~/
> pyenv root
> pyenv root
##########Linting Output - pylint##########
> pyenv root
Error 2020-11-12 13:30:52: stderr jediProxy Error (stderr) /home/gruppe13/.vscode-server/extensions/ms-python.python-2020.11.358366026/pythonFiles/completion.py:587: DeprecationWarning: Deprecated since version 0.16.0. Use Script(...).get_names instead.
  all_scopes=True,

> pyenv root
Error 2020-11-12 13:33:14: stderr jediProxy Error (stderr) /home/gruppe13/.vscode-server/extensions/ms-python.python-2020.11.358366026/pythonFiles/completion.py:587: DeprecationWarning: Deprecated since version 0.16.0. Use Script(...).get_names instead.
  all_scopes=True,

> pyenv root
> pyenv root
> pyenv root
> pyenv root
> pyenv root
> ~/venv/bin/python3.7 ~/.vscode-server/extensions/ms-python.python-2020.11.358366026/pythonFiles/pyvsc-run-isolated.py pylint --load-plugins=pylint_django --msg-template='{line},{column},{category},{symbol}:{msg}' --reports=n --output-format=text ~/wsgi.py
cwd: ~/
> ~/venv/bin/python3.7 ~/.vscode-server/extensions/ms-python.python-2020.11.358366026/pythonFiles/pyvsc-run-isolated.py pylint --load-plugins=pylint_django --msg-template='{line},{column},{category},{symbol}:{msg}' --reports=n --output-format=text ~/wsgi.py
cwd: ~/
> pyenv root
Error 2020-11-12 13:53:07: stderr jediProxy Error (stderr) /home/gruppe13/.vscode-server/extensions/ms-python.python-2020.11.358366026/pythonFiles/completion.py:587: DeprecationWarning: Deprecated since version 0.16.0. Use Script(...).get_names instead.
  all_scopes=True,

##########Linting Output - pylint##########
Error 2020-11-12 14:00:11: stderr jediProxy Error (stderr) /home/gruppe13/.vscode-server/extensions/ms-python.python-2020.11.358366026/pythonFiles/completion.py:598: DeprecationWarning: Providing the line is now done in the functions themselves like `Script(...).complete(line, column)`
  sys_path=sys.path,
/home/gruppe13/.vscode-server/extensions/ms-python.python-2020.11.358366026/pythonFiles/completion.py:598: DeprecationWarning: Providing the column is now done in the functions themselves like `Script(...).complete(line, column)`
  sys_path=sys.path,

Error 2020-11-12 14:00:11: stderr jediProxy Error (stderr) /home/gruppe13/.vscode-server/extensions/ms-python.python-2020.11.358366026/pythonFiles/completion.py:598: DeprecationWarning: Deprecated since version 0.17.0. Use the project API instead, which means Script(project=Project(dir, sys_path=sys_path)) instead.
  sys_path=sys.path,
/home/gruppe13/.vscode-server/extensions/ms-python.python-2020.11.358366026/pythonFiles/completion.py:626: DeprecationWarning: Deprecated since version 0.16.0. Use Script(...).infer instead.
  script.goto_definitions(), request["id"]

> pyenv root
> pyenv root
