[2020-11-05 10:12:37.114] [exthost] [info] extension host started
[2020-11-05 10:12:37.203] [exthost] [info] ExtensionService#_doActivateExtension ms-vscode.js-debug {"startup":false,"extensionId":{"value":"ms-vscode.js-debug","_lower":"ms-vscode.js-debug"},"activationEvent":"onDebugDynamicConfigurations"}
[2020-11-05 10:12:37.204] [exthost] [info] ExtensionService#loadCommonJSModule file:///home/gruppe13/.vscode-server/bin/d2e414d9e4239a252d1ab117bd7067f125afd80a/extensions/ms-vscode.js-debug/src/extension.js
[2020-11-05 10:12:37.763] [exthost] [info] ExtensionService#_doActivateExtension vscode.debug-auto-launch {"startup":true,"extensionId":{"value":"vscode.debug-auto-launch","_lower":"vscode.debug-auto-launch"},"activationEvent":"*"}
[2020-11-05 10:12:37.764] [exthost] [info] ExtensionService#loadCommonJSModule file:///home/gruppe13/.vscode-server/bin/d2e414d9e4239a252d1ab117bd7067f125afd80a/extensions/debug-auto-launch/dist/extension
[2020-11-05 10:12:37.769] [exthost] [info] ExtensionService#_doActivateExtension vscode.emmet {"startup":true,"extensionId":{"value":"vscode.emmet","_lower":"vscode.emmet"},"activationEvent":"*"}
[2020-11-05 10:12:37.769] [exthost] [info] ExtensionService#loadCommonJSModule file:///home/gruppe13/.vscode-server/bin/d2e414d9e4239a252d1ab117bd7067f125afd80a/extensions/emmet/dist/node/emmetNodeMain
[2020-11-05 10:12:37.812] [exthost] [info] ExtensionService#_doActivateExtension vscode.git {"startup":true,"extensionId":{"value":"vscode.github","_lower":"vscode.github"},"activationEvent":"*"}
[2020-11-05 10:12:37.812] [exthost] [info] ExtensionService#loadCommonJSModule file:///home/gruppe13/.vscode-server/bin/d2e414d9e4239a252d1ab117bd7067f125afd80a/extensions/git/dist/main
[2020-11-05 10:12:37.903] [exthost] [info] ExtensionService#_doActivateExtension vscode.merge-conflict {"startup":true,"extensionId":{"value":"vscode.merge-conflict","_lower":"vscode.merge-conflict"},"activationEvent":"*"}
[2020-11-05 10:12:37.903] [exthost] [info] ExtensionService#loadCommonJSModule file:///home/gruppe13/.vscode-server/bin/d2e414d9e4239a252d1ab117bd7067f125afd80a/extensions/merge-conflict/dist/mergeConflictMain
[2020-11-05 10:12:37.909] [exthost] [info] ExtensionService#_doActivateExtension vscode.search-result {"startup":true,"extensionId":{"value":"vscode.search-result","_lower":"vscode.search-result"},"activationEvent":"*"}
[2020-11-05 10:12:37.910] [exthost] [info] ExtensionService#loadCommonJSModule file:///home/gruppe13/.vscode-server/bin/d2e414d9e4239a252d1ab117bd7067f125afd80a/extensions/search-result/dist/extension.js
[2020-11-05 10:12:38.378] [exthost] [info] ExtensionService#_doActivateExtension vscode.github {"startup":true,"extensionId":{"value":"vscode.github","_lower":"vscode.github"},"activationEvent":"*"}
[2020-11-05 10:12:38.378] [exthost] [info] ExtensionService#loadCommonJSModule file:///home/gruppe13/.vscode-server/bin/d2e414d9e4239a252d1ab117bd7067f125afd80a/extensions/github/dist/extension.js
[2020-11-05 10:12:38.457] [exthost] [info] eager extensions activated
[2020-11-05 10:14:36.620] [exthost] [info] ExtensionService#_doActivateExtension ms-python.python {"startup":false,"extensionId":{"value":"ms-python.python","_lower":"ms-python.python"},"activationEvent":"onLanguage:python"}
[2020-11-05 10:14:36.621] [exthost] [info] ExtensionService#loadCommonJSModule file:///home/gruppe13/.vscode-server/extensions/ms-python.python-2020.10.332292344/out/client/extension
[2020-11-05 10:18:08.823] [exthost] [info] ExtensionService#_doActivateExtension vscode.html-language-features {"startup":false,"extensionId":{"value":"vscode.html-language-features","_lower":"vscode.html-language-features"},"activationEvent":"onLanguage:html"}
[2020-11-05 10:18:08.823] [exthost] [info] ExtensionService#loadCommonJSModule file:///home/gruppe13/.vscode-server/bin/d2e414d9e4239a252d1ab117bd7067f125afd80a/extensions/html-language-features/client/dist/node/htmlClientMain
