[2020-11-12 08:51:42.149] [exthost] [info] extension host started
[2020-11-12 08:51:42.398] [exthost] [info] ExtensionService#_doActivateExtension ms-toolsai.jupyter {"startup":false,"extensionId":{"value":"ms-toolsai.jupyter","_lower":"ms-toolsai.jupyter"},"activationEvent":"onLanguage:python"}
[2020-11-12 08:51:42.399] [exthost] [info] ExtensionService#loadCommonJSModule file:///home/gruppe13/.vscode-server/extensions/ms-toolsai.jupyter-2020.11.358541065/out/client/extension
[2020-11-12 08:51:42.900] [exthost] [info] ExtensionService#_doActivateExtension vscode.debug-auto-launch {"startup":true,"extensionId":{"value":"vscode.debug-auto-launch","_lower":"vscode.debug-auto-launch"},"activationEvent":"*"}
[2020-11-12 08:51:42.901] [exthost] [info] ExtensionService#loadCommonJSModule file:///home/gruppe13/.vscode-server/bin/fcac248b077b55bae4ba5bab613fd6e9156c2f0c/extensions/debug-auto-launch/dist/extension
[2020-11-12 08:51:42.907] [exthost] [info] ExtensionService#_doActivateExtension vscode.emmet {"startup":true,"extensionId":{"value":"vscode.emmet","_lower":"vscode.emmet"},"activationEvent":"*"}
[2020-11-12 08:51:42.907] [exthost] [info] ExtensionService#loadCommonJSModule file:///home/gruppe13/.vscode-server/bin/fcac248b077b55bae4ba5bab613fd6e9156c2f0c/extensions/emmet/dist/node/emmetNodeMain
[2020-11-12 08:51:42.965] [exthost] [info] ExtensionService#_doActivateExtension vscode.git {"startup":true,"extensionId":{"value":"vscode.github","_lower":"vscode.github"},"activationEvent":"*"}
[2020-11-12 08:51:42.966] [exthost] [info] ExtensionService#loadCommonJSModule file:///home/gruppe13/.vscode-server/bin/fcac248b077b55bae4ba5bab613fd6e9156c2f0c/extensions/git/dist/main
[2020-11-12 08:51:43.064] [exthost] [info] ExtensionService#_doActivateExtension vscode.merge-conflict {"startup":true,"extensionId":{"value":"vscode.merge-conflict","_lower":"vscode.merge-conflict"},"activationEvent":"*"}
[2020-11-12 08:51:43.064] [exthost] [info] ExtensionService#loadCommonJSModule file:///home/gruppe13/.vscode-server/bin/fcac248b077b55bae4ba5bab613fd6e9156c2f0c/extensions/merge-conflict/dist/mergeConflictMain
[2020-11-12 08:51:43.071] [exthost] [info] ExtensionService#_doActivateExtension vscode.search-result {"startup":true,"extensionId":{"value":"vscode.search-result","_lower":"vscode.search-result"},"activationEvent":"*"}
[2020-11-12 08:51:43.071] [exthost] [info] ExtensionService#loadCommonJSModule file:///home/gruppe13/.vscode-server/bin/fcac248b077b55bae4ba5bab613fd6e9156c2f0c/extensions/search-result/dist/extension.js
[2020-11-12 08:51:43.465] [exthost] [info] ExtensionService#_doActivateExtension vscode.github {"startup":true,"extensionId":{"value":"vscode.github","_lower":"vscode.github"},"activationEvent":"*"}
[2020-11-12 08:51:43.465] [exthost] [info] ExtensionService#loadCommonJSModule file:///home/gruppe13/.vscode-server/bin/fcac248b077b55bae4ba5bab613fd6e9156c2f0c/extensions/github/dist/extension.js
[2020-11-12 08:51:45.241] [exthost] [info] ExtensionService#_doActivateExtension ms-python.python {"startup":false,"extensionId":{"value":"ms-python.python","_lower":"ms-python.python"},"activationEvent":"onLanguage:python"}
[2020-11-12 08:51:45.241] [exthost] [info] ExtensionService#loadCommonJSModule file:///home/gruppe13/.vscode-server/extensions/ms-python.python-2020.11.358366026/out/client/extension
[2020-11-12 08:51:45.971] [exthost] [info] eager extensions activated
[2020-11-12 08:51:46.141] [exthost] [info] ExtensionService#_doActivateExtension ms-vscode.js-debug {"startup":false,"extensionId":{"value":"ms-vscode.js-debug","_lower":"ms-vscode.js-debug"},"activationEvent":"onCommand:extension.js-debug.clearAutoAttachVariables"}
[2020-11-12 08:51:46.141] [exthost] [info] ExtensionService#loadCommonJSModule file:///home/gruppe13/.vscode-server/bin/fcac248b077b55bae4ba5bab613fd6e9156c2f0c/extensions/ms-vscode.js-debug/src/extension.js
[2020-11-12 09:15:25.182] [exthost] [info] ExtensionService#_doActivateExtension vscode.typescript-language-features {"startup":false,"extensionId":{"value":"vscode.typescript-language-features","_lower":"vscode.typescript-language-features"},"activationEvent":"onLanguage:javascript"}
[2020-11-12 09:15:25.183] [exthost] [info] ExtensionService#loadCommonJSModule file:///home/gruppe13/.vscode-server/bin/fcac248b077b55bae4ba5bab613fd6e9156c2f0c/extensions/typescript-language-features/dist/extension
[2020-11-12 09:38:42.651] [exthost] [info] ExtensionService#_doActivateExtension vscode.html-language-features {"startup":false,"extensionId":{"value":"vscode.html-language-features","_lower":"vscode.html-language-features"},"activationEvent":"onLanguage:html"}
[2020-11-12 09:38:42.654] [exthost] [info] ExtensionService#loadCommonJSModule file:///home/gruppe13/.vscode-server/bin/fcac248b077b55bae4ba5bab613fd6e9156c2f0c/extensions/html-language-features/client/dist/node/htmlClientMain
