User belongs to experiment group 'ShowPlayIcon - start'
User belongs to experiment group 'DebugAdapterFactory - experiment'
User belongs to experiment group 'PtvsdWheels37 - experiment'
User belongs to experiment group 'UseTerminalToGetActivatedEnvVars - control'
User belongs to experiment group 'LocalZMQKernel - experiment'
User belongs to experiment group 'CollectLSRequestTiming - control'
User belongs to experiment group 'CollectNodeLSRequestTiming - experiment'
User belongs to experiment group 'EnableIPyWidgets - experiment'
User belongs to experiment group 'RunByLine - experiment'
User belongs to experiment group 'CustomEditorSupport - control'
User belongs to experiment group 'pythonaa'
> conda --version
> pyenv root
> python3.7 ~/.vscode-server/extensions/ms-python.python-2020.10.332292344/pythonFiles/pyvsc-run-isolated.py -c "import sys;print(sys.executable)"
> python3.6 ~/.vscode-server/extensions/ms-python.python-2020.10.332292344/pythonFiles/pyvsc-run-isolated.py -c "import sys;print(sys.executable)"
> python3 ~/.vscode-server/extensions/ms-python.python-2020.10.332292344/pythonFiles/pyvsc-run-isolated.py -c "import sys;print(sys.executable)"
> python2 ~/.vscode-server/extensions/ms-python.python-2020.10.332292344/pythonFiles/pyvsc-run-isolated.py -c "import sys;print(sys.executable)"
> python ~/.vscode-server/extensions/ms-python.python-2020.10.332292344/pythonFiles/pyvsc-run-isolated.py -c "import sys;print(sys.executable)"
> python ~/.vscode-server/extensions/ms-python.python-2020.10.332292344/pythonFiles/pyvsc-run-isolated.py -c "import sys;print(sys.executable)"
> conda info --json
> python ~/.vscode-server/extensions/ms-python.python-2020.10.332292344/pythonFiles/pyvsc-run-isolated.py -c "import sys;print(sys.executable)"
> python ~/.vscode-server/extensions/ms-python.python-2020.10.332292344/pythonFiles/pyvsc-run-isolated.py -c "import sys;print(sys.executable)"
> pyenv root
> pyenv root
> pyenv root
> pyenv root
> pyenv root
> pyenv root
> pyenv root
> pyenv root
> pyenv root
> pyenv root
> /usr/bin/python ~/.vscode-server/extensions/ms-python.python-2020.10.332292344/pythonFiles/pyvsc-run-isolated.py -c "import jupyter"
> /usr/bin/python ~/.vscode-server/extensions/ms-python.python-2020.10.332292344/pythonFiles/pyvsc-run-isolated.py -c "import jupyter"
> /usr/bin/python ~/.vscode-server/extensions/ms-python.python-2020.10.332292344/pythonFiles/pyvsc-run-isolated.py -c "import notebook"
> /usr/bin/python ~/.vscode-server/extensions/ms-python.python-2020.10.332292344/pythonFiles/pyvsc-run-isolated.py -c "import notebook"
Error 2020-11-05 13:00:28: Failed to check if file needs to be fixed [EntryNotFound (FileSystemError): Unable to read file 'vscode-remote://ssh-remote+innovasjon.ed.ntnu.no/home/gruppe13/.config/Code/User/settings.json' (EntryNotFound (FileSystemError): Error: ENOENT: no such file or directory, open '/home/gruppe13/.config/Code/User/settings.json')
	at _handleError (/home/gruppe13/.vscode-server/bin/d2e414d9e4239a252d1ab117bd7067f125afd80a/out/vs/server/remoteExtensionHostProcess.js:750:473)
	at processTicksAndRejections (internal/process/task_queues.js:94:5)
	at async y.readText (/home/gruppe13/.vscode-server/extensions/ms-python.python-2020.10.332292344/out/client/extension.js:9:168994)
	at async p.doesFileNeedToBeFixed (/home/gruppe13/.vscode-server/extensions/ms-python.python-2020.10.332292344/out/client/extension.js:56:963651)
	at async /home/gruppe13/.vscode-server/extensions/ms-python.python-2020.10.332292344/out/client/extension.js:56:962778
	at async Promise.all (index 0)
	at async p.getFilesToBeFixed (/home/gruppe13/.vscode-server/extensions/ms-python.python-2020.10.332292344/out/client/extension.js:56:962724)
	at async p.updateTestSettings (/home/gruppe13/.vscode-server/extensions/ms-python.python-2020.10.332292344/out/client/extension.js:56:962351)] {
  code: 'FileNotFound',
  name: 'EntryNotFound (FileSystemError)'
}
Error 2020-11-05 13:00:28: Failed to check if file needs to be fixed [EntryNotFound (FileSystemError): Unable to read file 'vscode-remote://ssh-remote+innovasjon.ed.ntnu.no/home/gruppe13/.vscode/settings.json' (EntryNotFound (FileSystemError): Error: ENOENT: no such file or directory, open '/home/gruppe13/.vscode/settings.json')
	at _handleError (/home/gruppe13/.vscode-server/bin/d2e414d9e4239a252d1ab117bd7067f125afd80a/out/vs/server/remoteExtensionHostProcess.js:750:473)
	at processTicksAndRejections (internal/process/task_queues.js:94:5)
	at async y.readText (/home/gruppe13/.vscode-server/extensions/ms-python.python-2020.10.332292344/out/client/extension.js:9:168994)
	at async p.doesFileNeedToBeFixed (/home/gruppe13/.vscode-server/extensions/ms-python.python-2020.10.332292344/out/client/extension.js:56:963651)
	at async /home/gruppe13/.vscode-server/extensions/ms-python.python-2020.10.332292344/out/client/extension.js:56:962778
	at async Promise.all (index 1)
	at async p.getFilesToBeFixed (/home/gruppe13/.vscode-server/extensions/ms-python.python-2020.10.332292344/out/client/extension.js:56:962724)
	at async p.updateTestSettings (/home/gruppe13/.vscode-server/extensions/ms-python.python-2020.10.332292344/out/client/extension.js:56:962351)] {
  code: 'FileNotFound',
  name: 'EntryNotFound (FileSystemError)'
}
> pyenv root
> pyenv root
> pyenv root
> pyenv root
> pyenv root
> pyenv root
> pyenv root
> pyenv root
> pyenv root
> pyenv root
> pyenv root
> pyenv root
> pyenv root
> pyenv root
Starting Jedi Python language engine.
Python interpreter path: ./venv/bin/python3.7
> pyenv root
> pyenv root
> ~/venv/bin/python3.7 ~/.vscode-server/extensions/ms-python.python-2020.10.332292344/pythonFiles/pyvsc-run-isolated.py pylint --load-plugins=pylint_django --msg-template='{line},{column},{category},{symbol}:{msg}' --reports=n --output-format=text ~/elsysapp/views.py
cwd: ~/
> ~/venv/bin/python3.7 ~/.vscode-server/extensions/ms-python.python-2020.10.332292344/pythonFiles/pyvsc-run-isolated.py pylint --load-plugins=pylint_django --msg-template='{line},{column},{category},{symbol}:{msg}' --reports=n --output-format=text ~/elsysapp/views.py
cwd: ~/
> pyenv root
> ~/venv/bin/python3.7 ~/.vscode-server/extensions/ms-python.python-2020.10.332292344/pythonFiles/pyvsc-run-isolated.py -c "import sys;print(sys.prefix)"
cwd: ~/
> ~/venv/bin/python3.7 ~/.vscode-server/extensions/ms-python.python-2020.10.332292344/pythonFiles/pyvsc-run-isolated.py -c "import sys;print(sys.prefix)"
cwd: ~/
> ~/venv/bin/python3.7 ~/.vscode-server/extensions/ms-python.python-2020.10.332292344/pythonFiles/pyvsc-run-isolated.py -c "import sys;print(sys.executable)"
cwd: ~/
> ~/venv/bin/python3.7 ~/.vscode-server/extensions/ms-python.python-2020.10.332292344/pythonFiles/pyvsc-run-isolated.py -c "import sys;print(sys.executable)"
cwd: ~/
> ~/venv/bin/python3.7 ~/.vscode-server/extensions/ms-python.python-2020.10.332292344/pythonFiles/pyvsc-run-isolated.py -c "from distutils.sysconfig import get_python_lib; print(get_python_lib())"
cwd: ~/
> ~/venv/bin/python3.7 ~/.vscode-server/extensions/ms-python.python-2020.10.332292344/pythonFiles/pyvsc-run-isolated.py -c "from distutils.sysconfig import get_python_lib; print(get_python_lib())"
cwd: ~/
> ~/venv/bin/python3.7 ~/.vscode-server/extensions/ms-python.python-2020.10.332292344/pythonFiles/pyvsc-run-isolated.py site --user-site
cwd: ~/
> ~/venv/bin/python3.7 ~/.vscode-server/extensions/ms-python.python-2020.10.332292344/pythonFiles/pyvsc-run-isolated.py site --user-site
cwd: ~/
> ~/venv/bin/python3.7 ~/.vscode-server/extensions/ms-python.python-2020.10.332292344/pythonFiles/pyvsc-run-isolated.py ~/.vscode-server/extensions/ms-python.python-2020.10.332292344/pythonFiles/completion.py
> ~/venv/bin/python3.7 ~/.vscode-server/extensions/ms-python.python-2020.10.332292344/pythonFiles/pyvsc-run-isolated.py ~/.vscode-server/extensions/ms-python.python-2020.10.332292344/pythonFiles/completion.py
##########Linting Output - pylint##########
Error 2020-11-05 13:00:30: stderr jediProxy Error (stderr) /home/gruppe13/.vscode-server/extensions/ms-python.python-2020.10.332292344/pythonFiles/completion.py:587: DeprecationWarning: Deprecated since version 0.16.0. Use Script(...).get_names instead.
  all_scopes=True,

> conda --version
> pyenv root
Error 2020-11-05 13:11:34: stderr jediProxy Error (stderr) /home/gruppe13/.vscode-server/extensions/ms-python.python-2020.10.332292344/pythonFiles/completion.py:598: DeprecationWarning: Providing the line is now done in the functions themselves like `Script(...).complete(line, column)`
  sys_path=sys.path,
/home/gruppe13/.vscode-server/extensions/ms-python.python-2020.10.332292344/pythonFiles/completion.py:598: DeprecationWarning: Providing the column is now done in the functions themselves like `Script(...).complete(line, column)`
  sys_path=sys.path,

Error 2020-11-05 13:11:34: stderr jediProxy Error (stderr) Traceback (most recent call last):
  File "/home/gruppe13/.vscode-server/extensions/ms-python.python-2020.10.332292344/pythonFiles/completion.py", line 659, in watch
  File "/home/gruppe13/.vscode-server/extensions/ms-python.python-2020.10.332292344/pythonFiles/completion.py", line 598, in _process_request
  File "/home/gruppe13/.vscode-server/extensions/ms-python.python-2020.10.332292344/pythonFiles/lib/python/jedi/api/__init__.py", line 163, in __init__
PermissionError: [Errno 13] Permission denied: '/home/gruppe13/elsysapp/views.py'


